linear_regression.py:94: RuntimeWarning: invalid value encountered in divide
  review_nums.append((i, num_reviews, np.sum(non_zero_users_csc[:,i]) / num_reviews))
shape of of titles: (17770, 3)
shape of of genres: (17770, 28)
shape of of ratings: (17771, 2649430)

ratings shape before removing users with no reviews: (2649430, 17771)
ratings shape after removing users with no reviews: (480189, 17771)
finished in 9.74 seconds

#revs	avg.	movie
681	4.5389	Fruits Basket (2001)
17292	4.5426	The Simpsons: Season 5 (1993)
92470	4.5437	Star Wars: Episode V: The Empire Strikes Back (1980)
134284	4.5451	Lord of the Rings: The Return of the King (2003)
125	4.5520	Lord of the Rings: The Return of the King: Extended Edition: Bonus Material (2003)
1883	4.5544	Inu-Yasha (2000)
8426	4.5813	The Simpsons: Season 6 (1994)
6621	4.5824	Arrested Development: Season 2 (2004)
220	4.5864	Ghost in the Shell: Stand Alone Complex: 2nd Gig (2005)
1238	4.5921	Veronica Mars: Season 1 (2004)
139660	4.5934	The Shawshank Redemption: Special Edition (1994)
89	4.5955	Tenchi Muyo! Ryo Ohki (1995)
25	4.6000	Trailer Park Boys: Season 4 (2003)
75	4.6000	Trailer Park Boys: Season 3 (2003)
1633	4.6050	Fullmetal Alchemist (2004)
1747	4.6388	Battlestar Galactica: Season 1 (2004)
7249	4.6710	Lost: Season 1 (2004)
74912	4.7026	Lord of the Rings: The Two Towers: Extended Edition (2002)
73422	4.7166	The Lord of the Rings: The Fellowship of the Ring: Extended Edition (2001)
73335	4.7233	Lord of the Rings: The Return of the King: Extended Edition (2003)

Movie #17770, Alien Hunter (2003)
average rating: 3.36 in 340 reviews  |  regressing on 340 features
MSE: 1.24 		 r2: 0.00 		 time: 14.87 ... (1.44 + 13.43)

Movie #17730, The Blob (1958)
average rating: 3.29 in 4914 reviews  |  regressing on 1000 features
MSE: 0.72 		 r2: 0.15 		 time: 67.74 ... (5.98 + 61.77)

Movie #17731, Death Mask (1998)
average rating: 1.61 in 70 reviews  |  regressing on 70 features
MSE: 0.36 		 r2: 0.08 		 time: 10.16 ... (1.61 + 8.55)

Movie #17732, Open City (1945)
average rating: 3.92 in 996 reviews  |  regressing on 996 features
MSE: 1.46 		 r2: -0.84 		 time: 69.07 ... (3.75 + 65.32)

Movie #17733, 13th Child: Legend of the Jersey Devil (2002)
average rating: 1.93 in 257 reviews  |  regressing on 257 features
MSE: 1.28 		 r2: -0.06 		 time: 23.11 ... (4.87 + 18.23)

Movie #17734, Shanghai Ghetto (2002)
average rating: 3.40 in 149 reviews  |  regressing on 149 features
MSE: 0.93 		 r2: 0.04 		 time: 11.85 ... (0.68 + 11.17)

Movie #17735, Type O Negative: After Dark (1998)
average rating: 3.53 in 99 reviews  |  regressing on 99 features
MSE: 1.69 		 r2: 0.03 		 time: 6.04 ... (2.76 + 3.28)

Movie #17736, Reptilian (1999)
average rating: 2.23 in 207 reviews  |  regressing on 207 features
MSE: 1.51 		 r2: -0.18 		 time: 14.72 ... (1.70 + 13.01)

Movie #17737, Frank Zappa: Does Humor Belong in Music? (1985)
average rating: 3.66 in 286 reviews  |  regressing on 286 features
MSE: 2.11 		 r2: -0.25 		 time: 16.24 ... (1.54 + 14.71)

Movie #17738, Henry Rollins: Live at Luna Park (2004)
average rating: 3.74 in 676 reviews  |  regressing on 676 features
MSE: 3.18 		 r2: -0.89 		 time: 42.11 ... (1.30 + 40.81)

Movie #17739, Dracula / The Strange Case of Dr. Jekyll and Mr. Hyde (1968)
average rating: 2.90 in 186 reviews  |  regressing on 186 features
MSE: 1.29 		 r2: -0.35 		 time: 23.49 ... (3.09 + 20.40)

Movie #17750, The Hee Haw Collection: Vol. 4 (2005)
average rating: 2.86 in 88 reviews  |  regressing on 88 features
MSE: 2.02 		 r2: 0.24 		 time: 10.40 ... (0.84 + 9.57)

Movie #17751, Highlander: Season 2 (1993)
average rating: 3.94 in 2475 reviews  |  regressing on 1000 features
MSE: 1.02 		 r2: 0.32 		 time: 68.80 ... (2.42 + 66.39)

Movie #17752, Out of Order (2003)
average rating: 2.99 in 709 reviews  |  regressing on 709 features
MSE: 1.40 		 r2: -0.20 		 time: 46.94 ... (1.13 + 45.81)

Movie #17753, Maslin Beach (1997)
average rating: 2.47 in 167 reviews  |  regressing on 167 features
MSE: 1.50 		 r2: -0.06 		 time: 21.35 ... (8.50 + 12.85)

Movie #17754, On the Ropes (1999)
average rating: 3.24 in 392 reviews  |  regressing on 392 features
MSE: 1.88 		 r2: -0.05 		 time: 28.34 ... (1.08 + 27.26)

Movie #17755, L/R: Licensed by Royalty (2003)
average rating: 3.17 in 139 reviews  |  regressing on 139 features
MSE: 1.26 		 r2: 0.18 		 time: 8.58 ... (1.17 + 7.41)

Movie #17756, The 39 Steps (1935)
average rating: 3.77 in 8735 reviews  |  regressing on 1000 features
MSE: 1.13 		 r2: -0.21 		 time: 38.23 ... (1.23 + 37.00)

Movie #17757, Ulysses S. Grant: Warrior / President: American Experience (2002)
average rating: 3.80 in 520 reviews  |  regressing on 520 features
MSE: 1.61 		 r2: -0.65 		 time: 31.69 ... (2.09 + 29.60)

Movie #17758, Prophecy (1979)
average rating: 2.92 in 3374 reviews  |  regressing on 1000 features
MSE: 1.32 		 r2: 0.14 		 time: 52.58 ... (26.45 + 26.13)

Movie #17759, The Big Bird Cage (1972)
average rating: 2.69 in 298 reviews  |  regressing on 298 features
MSE: 1.63 		 r2: -0.07 		 time: 13.15 ... (1.04 + 12.11)

Movie #17720, Pirates of the Plain (1999)
average rating: 2.69 in 91 reviews  |  regressing on 91 features
MSE: 1.41 		 r2: -0.02 		 time: 8.14 ... (0.70 + 7.44)

Movie #17721, The Love Letter (1998)
average rating: 3.25 in 458 reviews  |  regressing on 458 features
MSE: 1.34 		 r2: -0.02 		 time: 29.58 ... (2.16 + 27.42)

Movie #17722, Faerie Tale Theatre: The Little Mermaid (1984)
average rating: 3.11 in 121 reviews  |  regressing on 121 features
MSE: 1.46 		 r2: -0.01 		 time: 17.36 ... (4.09 + 13.27)

Movie #17723, Redemption (2004)
average rating: 3.65 in 3776 reviews  |  regressing on 1000 features
MSE: 1.55 		 r2: -0.45 		 time: 76.24 ... (5.30 + 70.95)

Movie #17724, Gettysburg (1993)
average rating: 3.87 in 8516 reviews  |  regressing on 1000 features
MSE: 1.61 		 r2: -0.94 		 time: 55.56 ... (4.84 + 50.72)

Movie #17725, Jerry Seinfeld: I'm Telling You for the Last Time (1999)
average rating: 3.60 in 5813 reviews  |  regressing on 1000 features
MSE: 1.50 		 r2: -0.39 		 time: 70.24 ... (7.90 + 62.34)

Movie #17726, Cats (1998)
average rating: 3.23 in 920 reviews  |  regressing on 920 features
MSE: 2.46 		 r2: -0.32 		 time: 39.11 ... (4.86 + 34.25)

Movie #17727, Elizabeth Taylor: The Last Time I Saw Paris/Father's Little Dividend (1954)
average rating: 3.27 in 322 reviews  |  regressing on 322 features
MSE: 1.01 		 r2: 0.08 		 time: 17.30 ... (1.79 + 15.52)

Movie #17728, Me & Isaac Newton (2000)
average rating: 2.99 in 238 reviews  |  regressing on 238 features
MSE: 1.68 		 r2: -0.32 		 time: 11.64 ... (0.82 + 10.82)

Movie #17729, Icebreaker (1999)
average rating: 2.31 in 135 reviews  |  regressing on 135 features
MSE: 1.18 		 r2: -0.01 		 time: 21.30 ... (12.19 + 9.11)

Movie #17710, Going Down (2003)
average rating: 2.07 in 150 reviews  |  regressing on 150 features
MSE: 1.24 		 r2: -0.10 		 time: 15.42 ... (0.80 + 14.62)

Movie #17711, The Diary of Ellen Rimbauer (2003)
average rating: 3.17 in 2063 reviews  |  regressing on 1000 features
MSE: 1.06 		 r2: 0.08 		 time: 81.35 ... (10.82 + 70.53)

Movie #17712, The Doobie Brothers: Live at Wolf Trap (2004)
average rating: 3.64 in 100 reviews  |  regressing on 100 features
MSE: 1.56 		 r2: 0.33 		 time: 13.62 ... (3.08 + 10.54)

Movie #17713, WWE: Summerslam 2004 (2004)
average rating: 3.78 in 414 reviews  |  regressing on 414 features
MSE: 1.34 		 r2: 0.13 		 time: 34.17 ... (7.55 + 26.61)

Movie #17714, The Little Mermaid (1989)
average rating: 3.81 in 6986 reviews  |  regressing on 1000 features
MSE: 4.15 		 r2: -1.95 		 time: 49.16 ... (3.16 + 46.00)

Movie #17715, The Adventures of Ma and Pa Kettle: Vol. 1 (1947)
average rating: 3.71 in 1049 reviews  |  regressing on 1000 features
MSE: 0.68 		 r2: 0.39 		 time: 66.84 ... (7.86 + 58.99)

Movie #17716, Some Folks Call it a Sling Blade (1993)
average rating: 3.70 in 3360 reviews  |  regressing on 1000 features
MSE: 1.09 		 r2: 0.10 		 time: 49.95 ... (1.58 + 48.36)

Movie #17717, Sol Bianca: The Legacy: Vol. 3: Going Home (1991)
average rating: 3.35 in 247 reviews  |  regressing on 247 features
MSE: 1.31 		 r2: 0.02 		 time: 15.76 ... (4.98 + 10.79)

Movie #17718, The Delta (1996)
average rating: 2.11 in 120 reviews  |  regressing on 120 features
MSE: 1.48 		 r2: -0.16 		 time: 9.32 ... (1.60 + 7.73)

Movie #17719, The Europeans (1979)
average rating: 2.63 in 190 reviews  |  regressing on 190 features
MSE: 1.59 		 r2: -0.10 		 time: 11.55 ... (1.28 + 10.27)

Movie #17760, Lightning Bug (2004)
average rating: 2.81 in 443 reviews  |  regressing on 443 features
MSE: 1.22 		 r2: -0.24 		 time: 35.75 ... (1.02 + 34.72)

Movie #17761, Levity (2003)
average rating: 2.92 in 4311 reviews  |  regressing on 1000 features
MSE: 1.04 		 r2: 0.02 		 time: 58.44 ... (7.19 + 51.25)

Movie #17762, Gattaca (1997)
average rating: 3.65 in 32110 reviews  |  regressing on 1000 features
MSE: 0.93 		 r2: -0.10 		 time: 50.44 ... (4.09 + 46.35)

Movie #17763, Interiors (1978)
average rating: 3.41 in 1957 reviews  |  regressing on 1000 features
MSE: 1.04 		 r2: 0.13 		 time: 44.01 ... (1.44 + 42.58)

Movie #17764, Shakespeare in Love (1998)
average rating: 3.87 in 64957 reviews  |  regressing on 1000 features
MSE: 1.47 		 r2: -0.80 		 time: 57.86 ... (1.76 + 56.10)

Movie #17765, Godzilla's Revenge (1969)
average rating: 2.70 in 313 reviews  |  regressing on 313 features
MSE: 1.07 		 r2: 0.07 		 time: 13.58 ... (2.29 + 11.29)

Movie #17766, Where the Wild Things Are and Other Maurice Sendak Stories (2002)
average rating: 3.19 in 605 reviews  |  regressing on 605 features
MSE: 1.81 		 r2: -0.46 		 time: 33.71 ... (3.07 + 30.65)

Movie #17767, Fidel Castro: American Experience (2004)
average rating: 3.67 in 204 reviews  |  regressing on 204 features
MSE: 0.75 		 r2: -0.08 		 time: 13.43 ... (4.67 + 8.76)

Movie #17768, Epoch (2000)
average rating: 2.84 in 1362 reviews  |  regressing on 1000 features
MSE: 0.55 		 r2: 0.46 		 time: 32.93 ... (1.37 + 31.56)

Movie #17769, The Company (2003)
average rating: 2.50 in 6749 reviews  |  regressing on 1000 features
MSE: 1.46 		 r2: -0.22 		 time: 12.56 ... (1.45 + 11.12)

Movie #17740, Shoot the Piano Player (1960)
average rating: 3.62 in 1826 reviews  |  regressing on 1000 features
MSE: 1.15 		 r2: -0.11 		 time: 73.79 ... (3.95 + 69.84)

Movie #17741, Ginger Snaps 2: Unleashed (2004)
average rating: 3.29 in 2524 reviews  |  regressing on 1000 features
MSE: 0.96 		 r2: 0.14 		 time: 63.91 ... (3.38 + 60.53)

Movie #17742, Catherine the Great (1995)
average rating: 2.81 in 799 reviews  |  regressing on 799 features
MSE: 1.41 		 r2: -0.65 		 time: 45.87 ... (2.17 + 43.70)

Movie #17743, Better Luck Tomorrow (2003)
average rating: 3.10 in 6451 reviews  |  regressing on 1000 features
MSE: 1.37 		 r2: -0.19 		 time: 57.01 ... (5.60 + 51.41)

Movie #17744, NASCAR: Tony Stewart Smoke (2004)
average rating: 3.51 in 215 reviews  |  regressing on 215 features
MSE: 2.05 		 r2: 0.08 		 time: 12.77 ... (0.94 + 11.84)

Movie #17745, Russell Simmons Presents Def Poetry: Season 1 (2002)
average rating: 3.84 in 613 reviews  |  regressing on 613 features
MSE: 1.51 		 r2: 0.02 		 time: 30.81 ... (1.94 + 28.87)

Movie #17746, Godzilla & Mothra: Battle for Earth / Vs. King Ghidora (1991)
average rating: 3.33 in 974 reviews  |  regressing on 974 features
MSE: 1.29 		 r2: -0.07 		 time: 27.07 ... (2.15 + 24.92)

Movie #17747, Eric Clapton: 24 Nights (1991)
average rating: 3.53 in 877 reviews  |  regressing on 877 features
MSE: 1.61 		 r2: -0.08 		 time: 38.65 ... (17.20 + 21.45)

Movie #17748, Dog the Bounty Hunter: The Best of Season 1 (2005)
average rating: 3.81 in 455 reviews  |  regressing on 455 features
MSE: 1.81 		 r2: -0.01 		 time: 3.78 ... (1.00 + 2.78)

Movie #17749, No End (1985)
average rating: 3.50 in 181 reviews  |  regressing on 181 features
MSE: 1.16 		 r2: -0.18 		 time: 0.74 ... (0.67 + 0.07)

Movie #17700, Mysteries of the Deep: Legendary Shipwrecks: Secrets of the Titanic (1986)
average rating: 3.36 in 340 reviews  |  regressing on 340 features
MSE: 1.24 		 r2: 0.00 		 time: 23.87 ... (0.94 + 22.93)

Movie #17701, Fellini Satyricon (1969)
average rating: 3.11 in 2104 reviews  |  regressing on 1000 features
MSE: 1.39 		 r2: 0.15 		 time: 60.88 ... (2.79 + 58.09)

Movie #17702, Comic Book: The Movie (2004)
average rating: 2.41 in 1148 reviews  |  regressing on 1000 features
MSE: 0.88 		 r2: 0.32 		 time: 57.99 ... (1.39 + 56.60)

Movie #17703, Hulk (2003)
average rating: 2.79 in 32676 reviews  |  regressing on 1000 features
MSE: 1.67 		 r2: -0.41 		 time: 68.75 ... (7.82 + 60.93)

Movie #17704, Taboo (1999)
average rating: 2.90 in 1199 reviews  |  regressing on 1000 features
MSE: 0.82 		 r2: 0.38 		 time: 58.27 ... (3.50 + 54.78)

Movie #17705, Evil Alien Conquerors (2002)
average rating: 2.27 in 112 reviews  |  regressing on 112 features
MSE: 1.65 		 r2: -0.59 		 time: 17.89 ... (8.84 + 9.05)

Movie #17706, Najica Blitz Tactics (2001)
average rating: 3.41 in 412 reviews  |  regressing on 412 features
MSE: 2.01 		 r2: -0.30 		 time: 18.11 ... (2.12 + 15.99)

Movie #17707, Latter Days (2004)
average rating: 3.90 in 7605 reviews  |  regressing on 1000 features
MSE: 2.01 		 r2: -0.68 		 time: 26.67 ... (2.02 + 24.66)

Movie #17708, Trembling Before G-d (2001)
average rating: 3.17 in 1297 reviews  |  regressing on 1000 features
MSE: 0.81 		 r2: 0.26 		 time: 21.61 ... (1.31 + 20.29)

Movie #17709, A River Runs Through It (1992)
average rating: 3.86 in 42942 reviews  |  regressing on 1000 features
MSE: 0.95 		 r2: -0.22 		 time: 2.62 ... (1.18 + 1.45)

finished all regs in 357.1146
r2
0.463	Epoch (2000)
0.392	The Adventures of Ma and Pa Kettle: Vol. 1 (1947)
0.380	Taboo (1999)
0.328	The Doobie Brothers: Live at Wolf Trap (2004)
0.324	Highlander: Season 2 (1993)
0.317	Comic Book: The Movie (2004)
0.261	Trembling Before G-d (2001)
0.236	The Hee Haw Collection: Vol. 4 (2005)
0.178	L/R: Licensed by Royalty (2003)
0.151	Fellini Satyricon (1969)

average r2 value: -0.14

MSE
0.357	Death Mask (1998)
0.547	Epoch (2000)
0.680	The Adventures of Ma and Pa Kettle: Vol. 1 (1947)
0.716	The Blob (1958)
0.751	Fidel Castro: American Experience (2004)
0.805	Trembling Before G-d (2001)
0.824	Taboo (1999)
0.877	Comic Book: The Movie (2004)
0.929	Gattaca (1997)
0.933	Shanghai Ghetto (2002)

average MSE value: 1.41
