linear_regression.py:94: RuntimeWarning: invalid value encountered in divide
  review_nums.append((i, num_reviews, np.sum(non_zero_users_csc[:,i]) / num_reviews))
shape of of titles: (17770, 3)
shape of of genres: (17770, 28)
shape of of ratings: (17771, 2649430)

ratings shape before removing users with no reviews: (2649430, 17771)
ratings shape after removing users with no reviews: (480189, 17771)
finished in 21.13 seconds

#revs	avg.	movie
681	4.5389	Fruits Basket (2001)
17292	4.5426	The Simpsons: Season 5 (1993)
92470	4.5437	Star Wars: Episode V: The Empire Strikes Back (1980)
134284	4.5451	Lord of the Rings: The Return of the King (2003)
125	4.5520	Lord of the Rings: The Return of the King: Extended Edition: Bonus Material (2003)
1883	4.5544	Inu-Yasha (2000)
8426	4.5813	The Simpsons: Season 6 (1994)
6621	4.5824	Arrested Development: Season 2 (2004)
220	4.5864	Ghost in the Shell: Stand Alone Complex: 2nd Gig (2005)
1238	4.5921	Veronica Mars: Season 1 (2004)
139660	4.5934	The Shawshank Redemption: Special Edition (1994)
89	4.5955	Tenchi Muyo! Ryo Ohki (1995)
25	4.6000	Trailer Park Boys: Season 4 (2003)
75	4.6000	Trailer Park Boys: Season 3 (2003)
1633	4.6050	Fullmetal Alchemist (2004)
1747	4.6388	Battlestar Galactica: Season 1 (2004)
7249	4.6710	Lost: Season 1 (2004)
74912	4.7026	Lord of the Rings: The Two Towers: Extended Edition (2002)
73422	4.7166	The Lord of the Rings: The Fellowship of the Ring: Extended Edition (2001)
73335	4.7233	Lord of the Rings: The Return of the King: Extended Edition (2003)

Movie #15000, The Big Town (1987)
average rating: 2.87 in 123 reviews  |  regressing on 123 features
MSE: 0.71 		 r2: 0.23 		 time: 10.41 ... (1.29 + 9.12)

Movie #15001, Ai Yori Aoshi (2002)
average rating: 4.00 in 814 reviews  |  regressing on 814 features
MSE: 0.98 		 r2: 0.44 		 time: 77.81 ... (0.89 + 76.93)

Movie #15002, Frozen (1997)
average rating: 2.64 in 76 reviews  |  regressing on 76 features
MSE: 1.35 		 r2: 0.10 		 time: 4.71 ... (0.53 + 4.18)

Movie #15003, Marines (2003)
average rating: 2.18 in 131 reviews  |  regressing on 131 features
MSE: 1.91 		 r2: 0.12 		 time: 9.62 ... (0.55 + 9.07)

Movie #15004, Street Smart (1987)
average rating: 2.99 in 405 reviews  |  regressing on 405 features
MSE: 0.97 		 r2: 0.01 		 time: 66.10 ... (0.70 + 65.40)

Movie #15005, Cameron's Closet (1989)
average rating: 2.48 in 124 reviews  |  regressing on 124 features
MSE: 1.14 		 r2: -0.01 		 time: 9.48 ... (0.62 + 8.86)

Movie #15006, Mishima: A Life in Four Chapters (1985)
average rating: 3.19 in 1729 reviews  |  regressing on 1000 features
MSE: 0.71 		 r2: 0.51 		 time: 115.40 ... (0.78 + 114.62)

Movie #15007, Any Which Way You Can (1980)
average rating: 3.19 in 7917 reviews  |  regressing on 1000 features
MSE: 0.63 		 r2: 0.46 		 time: 111.32 ... (0.79 + 110.53)

Movie #15008, My Big Phat Hip Hop Family (2005)
average rating: 2.01 in 182 reviews  |  regressing on 182 features
MSE: 1.27 		 r2: 0.12 		 time: 19.01 ... (0.62 + 18.39)

Movie #15009, The General (1998)
average rating: 3.45 in 1445 reviews  |  regressing on 1000 features
MSE: 0.54 		 r2: 0.38 		 time: 120.40 ... (0.73 + 119.67)

Movie #15010, My House in Umbria (2003)
average rating: 3.47 in 4045 reviews  |  regressing on 1000 features
MSE: 0.74 		 r2: 0.14 		 time: 123.85 ... (0.70 + 123.15)

Movie #15011, Brave New Girl (2004)
average rating: 3.18 in 210 reviews  |  regressing on 210 features
MSE: 0.78 		 r2: 0.08 		 time: 14.95 ... (0.57 + 14.38)

Movie #15012, Dog Days (2001)
average rating: 2.70 in 217 reviews  |  regressing on 217 features
MSE: 1.95 		 r2: 0.01 		 time: 19.02 ... (0.62 + 18.40)

Movie #15013, Dora the Explorer: Rhymes and Riddles (2003)
average rating: 3.78 in 2124 reviews  |  regressing on 1000 features
MSE: 0.51 		 r2: 0.54 		 time: 135.96 ... (0.68 + 135.28)

Movie #15014, Angel: Season 5 (2003)
average rating: 4.37 in 6259 reviews  |  regressing on 1000 features
MSE: 0.53 		 r2: 0.52 		 time: 116.20 ... (0.88 + 115.32)

Movie #15015, Miracle Mile (1989)
average rating: 2.99 in 673 reviews  |  regressing on 673 features
MSE: 1.13 		 r2: 0.18 		 time: 86.91 ... (0.66 + 86.25)

Movie #15016, The Passion of Joan of Arc (1928)
average rating: 3.93 in 2775 reviews  |  regressing on 1000 features
MSE: 0.85 		 r2: 0.28 		 time: 135.63 ... (0.70 + 134.93)

Movie #15017, The Glow (2002)
average rating: 2.63 in 219 reviews  |  regressing on 219 features
MSE: 0.81 		 r2: 0.09 		 time: 17.44 ... (0.58 + 16.87)

Movie #15018, The Giallo Collection: Short Night of Glass Dolls (1971)
average rating: 2.48 in 126 reviews  |  regressing on 126 features
MSE: 0.80 		 r2: 0.14 		 time: 11.08 ... (0.61 + 10.47)

Movie #15019, MASH: Bonus Material (1970)
average rating: 3.47 in 249 reviews  |  regressing on 249 features
MSE: 1.57 		 r2: -0.05 		 time: 23.40 ... (0.57 + 22.83)

Movie #15020, Blue Vinyl (2002)
average rating: 3.35 in 101 reviews  |  regressing on 101 features
MSE: 1.12 		 r2: 0.06 		 time: 7.10 ... (0.57 + 6.53)

Movie #15021, The Piano Lesson (1995)
average rating: 3.22 in 357 reviews  |  regressing on 357 features
MSE: 1.14 		 r2: 0.23 		 time: 34.62 ... (0.62 + 34.00)

Movie #15022, Wishbone: Paw Prints of Thieves (2004)
average rating: 3.25 in 142 reviews  |  regressing on 142 features
MSE: 0.95 		 r2: 0.45 		 time: 11.07 ... (0.53 + 10.55)

Movie #15023, He Say (2005)
average rating: 2.87 in 68 reviews  |  regressing on 68 features
MSE: 0.79 		 r2: 0.41 		 time: 4.53 ... (0.53 + 4.01)

Movie #15024, Cowboy Up (2001)
average rating: 3.19 in 936 reviews  |  regressing on 936 features
MSE: 1.04 		 r2: 0.17 		 time: 107.93 ... (0.79 + 107Movie #15500, Gilmore Girls: Season 2 (2001)
average rating: 4.35 in 6454 reviews  |  regressing on 1000 features
MSE: 0.80 		 r2: 0.59 		 time: 109.06 ... (1.66 + 107.40)

Movie #15501, Dance with a Stranger (1985)
average rating: 2.93 in 763 reviews  |  regressing on 763 features
MSE: 0.87 		 r2: 0.17 		 time: 87.05 ... (0.90 + 86.15)

Movie #15502, Dance with the Devil (1997)
average rating: 2.46 in 522 reviews  |  regressing on 522 features
MSE: 1.38 		 r2: 0.03 		 time: 71.19 ... (0.63 + 70.56)

Movie #15503, Aloha (1975)
average rating: 2.77 in 105 reviews  |  regressing on 105 features
MSE: 0.55 		 r2: 0.16 		 time: 7.61 ... (0.67 + 6.94)

Movie #15504, Murder! (1930)
average rating: 3.00 in 403 reviews  |  regressing on 403 features
MSE: 0.66 		 r2: 0.31 		 time: 43.39 ... (0.61 + 42.78)

Movie #15505, Moon Over Broadway (1997)
average rating: 3.08 in 286 reviews  |  regressing on 286 features
MSE: 1.20 		 r2: 0.20 		 time: 36.28 ... (0.70 + 35.58)

Movie #15506, I Love You Baby (2001)
average rating: 2.91 in 577 reviews  |  regressing on 577 features
MSE: 1.00 		 r2: 0.22 		 time: 74.75 ... (0.75 + 74.00)

Movie #15507, State Fair (1945)
average rating: 3.61 in 2022 reviews  |  regressing on 1000 features
MSE: 0.47 		 r2: 0.49 		 time: 119.92 ... (0.85 + 119.07)

Movie #15508, Dead Tired (1994)
average rating: 2.94 in 154 reviews  |  regressing on 154 features
MSE: 1.81 		 r2: -0.12 		 time: 11.12 ... (0.64 + 10.49)

Movie #15509, Entourage: Season 1 (2004)
average rating: 4.09 in 8951 reviews  |  regressing on 1000 features
MSE: 0.92 		 r2: 0.19 		 time: 133.25 ... (0.73 + 132.51)

Movie #15510, Bad Trip (1999)
average rating: 2.12 in 144 reviews  |  regressing on 144 features
MSE: 0.95 		 r2: -0.05 		 time: 10.35 ... (0.55 + 9.79)

Movie #15511, Last Orders (2002)
average rating: 3.22 in 4257 reviews  |  regressing on 1000 features
MSE: 0.75 		 r2: 0.31 		 time: 109.36 ... (0.70 + 108.65)

Movie #15512, Mindstorm (2001)
average rating: 2.44 in 199 reviews  |  regressing on 199 features
MSE: 0.87 		 r2: 0.19 		 time: 17.19 ... (0.60 + 16.59)

Movie #15513, Facing Windows (2004)
average rating: 3.61 in 2071 reviews  |  regressing on 1000 features
MSE: 0.64 		 r2: 0.39 		 time: 137.03 ... (0.76 + 136.27)

Movie #15514, Behind the Red Door (2002)
average rating: 3.00 in 452 reviews  |  regressing on 452 features
MSE: 1.04 		 r2: 0.07 		 time: 52.26 ... (0.70 + 51.55)

Movie #15515, Belly (1998)
average rating: 3.52 in 2072 reviews  |  regressing on 1000 features
MSE: 0.89 		 r2: 0.42 		 time: 100.02 ... (0.75 + 99.27)

Movie #15516, Sarafina! (1992)
average rating: 3.43 in 1576 reviews  |  regressing on 1000 features
MSE: 0.65 		 r2: 0.51 		 time: 107.45 ... (1.00 + 106.45)

Movie #15517, How to Kill Your Neighbor's Dog (2001)
average rating: 3.21 in 1006 reviews  |  regressing on 1000 features
MSE: 0.51 		 r2: 0.59 		 time: 127.47 ... (0.79 + 126.68)

Movie #15518, Kavanagh Q.C.: Mute of Malice (1995)
average rating: 3.48 in 97 reviews  |  regressing on 97 features
MSE: 0.44 		 r2: 0.61 		 time: 6.03 ... (0.59 + 5.45)

Movie #15519, House on the Edge of the Park (1980)
average rating: 2.62 in 186 reviews  |  regressing on 186 features
MSE: 1.34 		 r2: -0.09 		 time: 16.88 ... (0.54 + 16.34)

Movie #15520, Michael & Me (2005)
average rating: 3.32 in 167 reviews  |  regressing on 167 features
MSE: 1.52 		 r2: 0.09 		 time: 11.90 ... (0.56 + 11.34)

Movie #15521, Without Conscience (2004)
average rating: 2.74 in 62 reviews  |  regressing on 62 features
MSE: 1.11 		 r2: -0.23 		 time: 3.27 ... (0.56 + 2.71)

Movie #15522, The Winning Season (2004)
average rating: 3.07 in 391 reviews  |  regressing on 391 features
MSE: 0.54 		 r2: 0.20 		 time: 45.14 ... (0.59 + 44.55)

Movie #15523, The Inspector Lynley Mysteries: A Traitor to Memory (2004)
average rating: 4.02 in 365 reviews  |  regressing on 365 features
MSE: 0.46 		 r2: 0.52 		 time: 33.52 ... (0.58 + 32.95)

Movie #15524, A Woman's a Helluva Thing (2001)
average rating: 2.37 in 156 reviews  |  regressing on 156 features
MSE: 0.69 		 r2: 0.10 		 time: 12.43 ... (0.54 + 11.89)

Movie #15525, H.O.T.S. (1979)
average rating: 2.69 in 180 reviews  |  regressing on 180 features
MSE: 1.10 		 r2: 0.02 		 time: 14.98 ... (0.53 + 14.45)

Movie #15526, Live Aid (1985)
average rating: 3.71 in 449 reviews  |  regressing on 449 features
MSE: 0.88 		 r2: 0.06 		 time: 59.04 ... (0.59 + 58.45)

Movie #15527, Golfballs! (1999)
average rating: 2.46 in 297 reviews  |  regressing on 297 features
MSE: 1.17 		 r2: 0.03 		 time: 30.62 ... (0.57 + 30.05)

Movie #15528, The Hulk: Bonus Material (2003)
average rating: 2.88 in 204 reviews  |  regressing on 204 features
MSE: 0.66 		 r2: 0.46 		 time: 16.52 ... (0.53 + 15.98)

Movie #15529, Money Talks (1997)
average rating: 3.43 in 8252 reviews  |  regressing on 1000 features
MSE: 0.60 		 r2: 0.42 		 time: 91.09 ... (0.75 + 90.34)

Movie #15530, Howards End (1992)
average rating: 3.84 in 12711 reviews  |  regressing on 1000 features
MSE: 0.56 		 r2: 0.38 		 time: 92.43 ... (0.79 + 91.64)

Movie #15531, Courage Under Fire (1996)
average rating: 3.65 in 32981 reviews  |  regressing on 1000 features
MSE: 0.57 		 r2: 0.18 		 time: 93.43 ... (0.79 + 92.64)

Movie #15532, She's All That (1999)
average rating: 3.39 in 26208 reviews  |  regressing on 1000 features
MSE: 0.64 		 r2: 0.32 		 time: 77.91 ... (0.71 + 77.20)

Movie #15533, Jay-Z: Fade to Black (2004)
average rating: 3.66 in 1750 reviews  |  regressing on 1000 features
MSE: 0.82 		 r2: 0.46 		 time: 130.43 ... (0.70 + 129.72)

Movie #15534, Inu-Yasha: The Movie: Affections Touching Across Time (2001)
average rating: 4.18 in 2578 reviews  |  regressing on 1000 features
MSE: 0.52 		 r2: 0.48 		 time: 119.37 ... (0.69 + 118.69)

Movie #15535, Mysteries of the Deep: Legendary Shipwrecks: Lost Ships of the Mediterranean (1999)
average rating: 3.22 in 129 reviews  |  regressing on 129 features
MSE: 1.18 		 r2: -0.01 		 time: 9.33 ... (0.53 + 8.80)

Movie #15536, Decasia: The State of Decay (2004)
average rating: 2.74 in 254 reviews  |  regressing on 254 features
MSE: 1.48 		 r2: 0.28 		 time: 19.95 ... (0.54 + 19.42)

Movie #15537, Impact (1949)
average rating: 3.13 in 163 reviews  |  regressing on 163 features
MSE: 0.74 		 r2: 0.10 		 time: 13.89 ... (0.59 + 13.30)

Movie #15538, Fullmetal Alchemist (2004)
average rating: 4.61 in 1633 reviews  |  regressing on 1000 features
MSE: 0.26 		 r2: 0.55 		 time: 245.15 ... (0.71 + 244.44)

Movie #15539, Suicide Club (2002)
average rating: 3.18 in 2072 reviews  |  regressing on 1000 features
MSE: 0.78 		 r2: 0.40 		 time: 128.25 ... (0.82 + 127.43)

Movie #15540, Born on the Fourth of July (1989)
average rating: 3.43 in 32696 reviews  |  regressing on 1000 features
MSE: 0.60 		 r2: 0.23 		 time: 94.17 ... (0.81 + 93.36)

Movie #15541, Bloodfist 6: Ground Zero (1994)
average rating: 2.58 in 98 reviews  |  regressing on 98 features
MSE: 1.36 		 r2: 0.39 		 time: 7.75 ... (0.58 + 7.17)

Movie #15542, Legend of the Red Dragon (1994)
average rating: 3.31 in 3854 reviews  |  regressing on 1000 features
MSE: 0.55 		 r2: 0.55 		 time: 116.27 ... (0.70 + 115.57)

Movie #15543, Nature: Sharks (2004)
average rating: 3.34 in 143 reviews  |  regressing on 143 features
MSE: 0.79 		 r2: 0.11 		 time: 10.12 ... (0.58 + 9.54)

Movie #15544, Head-On (2004)
average rating: 3.47 in 1025 reviews  |  regressing on 1000 features
MSE: 0.44 		 r2: 0.65 		 time: 106.54 ... (1.11 + 105.42)

Movie #15545, Selena (1997)
average rating: 3.57 in 15859 reviews  |  regressing on 1000 features
MSE: 0.91 		 r2: 0.16 		 time: 89.58 ... (0.77 + 88.81)

Movie #15546, The Real Blonde (1998)
average rating: 2.79 in 1052 reviews  |  regressing on 1000 features
MSE: 0.41 		 r2: 0.56 		 time: 130.57 ... (1.00 + 129.56)

Movie #15547, Fortress 2 (1999)
average rating: 2.76 in 1288 reviews  |  regressing on 1000 features
MSE: 0.30 		 r2: 0.72 		 time: 109.77 ... (0.79 + 108.98)

Movie #15548, H.R. Pufnstuf (1969)
average rating: 3.15 in 466 reviews  |  regressing on 466 features
MSE: 1.13 		 r2: 0.31 		 time: 56.90 ... (0.79 + 56.11)

Movie #15549, The Skulls (2000)
average rating: 3.37 in 12288 reviews  |  regre.14)

Movie #15025, Seventh Sense (1999)
average rating: 2.69 in 185 reviews  |  regressing on 185 features
MSE: 1.13 		 r2: 0.15 		 time: 15.24 ... (0.54 + 14.70)

Movie #15026, The Americanization of Emily (1964)
average rating: 3.63 in 616 reviews  |  regressing on 616 features
MSE: 1.10 		 r2: 0.11 		 time: 81.56 ... (0.63 + 80.93)

Movie #15027, Midsomer Murders: Who Killed Cock Robin? (2001)
average rating: 3.98 in 768 reviews  |  regressing on 768 features
MSE: 0.47 		 r2: 0.57 		 time: 92.81 ... (0.69 + 92.12)

Movie #15028, Boo! (2004)
average rating: 2.93 in 320 reviews  |  regressing on 320 features
MSE: 0.87 		 r2: 0.07 		 time: 29.63 ... (0.59 + 29.04)

Movie #15029, The Son's Room (2001)
average rating: 3.32 in 2522 reviews  |  regressing on 1000 features
MSE: 0.74 		 r2: 0.26 		 time: 145.49 ... (0.71 + 144.77)

Movie #15030, The 4th Tenor (2002)
average rating: 2.42 in 293 reviews  |  regressing on 293 features
MSE: 1.46 		 r2: -0.02 		 time: 28.45 ... (0.54 + 27.91)

Movie #15031, Sports Night (1998)
average rating: 4.14 in 3965 reviews  |  regressing on 1000 features
MSE: 0.97 		 r2: 0.18 		 time: 175.48 ... (0.71 + 174.77)

Movie #15032, Human Condition I: No Greater Love (1959)
average rating: 3.31 in 313 reviews  |  regressing on 313 features
MSE: 0.42 		 r2: 0.67 		 time: 27.48 ... (0.58 + 26.90)

Movie #15033, The Greatest Story Ever Told (1965)
average rating: 3.57 in 3180 reviews  |  regressing on 1000 features
MSE: 0.76 		 r2: 0.44 		 time: 115.42 ... (0.82 + 114.60)

Movie #15034, Heartbreakers (2001)
average rating: 3.19 in 12565 reviews  |  regressing on 1000 features
MSE: 0.77 		 r2: 0.13 		 time: 119.80 ... (0.84 + 118.96)

Movie #15035, Babylon 5: Season 5 (1998)
average rating: 4.22 in 2924 reviews  |  regressing on 1000 features
MSE: 0.34 		 r2: 0.58 		 time: 95.85 ... (0.72 + 95.12)

Movie #15036, The Flintstones: Season 1 (1960)
average rating: 3.83 in 1916 reviews  |  regressing on 1000 features
MSE: 0.45 		 r2: 0.60 		 time: 145.47 ... (0.83 + 144.64)

Movie #15037, The Day the Earth Stood Still (1951)
average rating: 3.95 in 15131 reviews  |  regressing on 1000 features
MSE: 0.74 		 r2: 0.16 		 time: 120.93 ... (0.74 + 120.19)

Movie #15038, Livin' tha Life (2003)
average rating: 1.87 in 120 reviews  |  regressing on 120 features
MSE: 0.95 		 r2: 0.10 		 time: 10.93 ... (0.54 + 10.39)

Movie #15039, A Walk on the Moon (1999)
average rating: 3.46 in 5082 reviews  |  regressing on 1000 features
MSE: 0.67 		 r2: 0.28 		 time: 128.00 ... (0.74 + 127.27)

Movie #15040, Rage Against the Machine (1997)
average rating: 3.61 in 906 reviews  |  regressing on 906 features
MSE: 1.46 		 r2: 0.21 		 time: 113.71 ... (0.79 + 112.93)

Movie #15041, Slam Dunk Ernest (1995)
average rating: 3.19 in 362 reviews  |  regressing on 362 features
MSE: 1.16 		 r2: 0.37 		 time: 35.66 ... (0.59 + 35.07)

Movie #15042, The Avengers '63 (1963)
average rating: 3.20 in 782 reviews  |  regressing on 782 features
MSE: 0.93 		 r2: 0.42 		 time: 98.01 ... (0.72 + 97.29)

Movie #15043, Salem's Lot (2004)
average rating: 3.38 in 4703 reviews  |  regressing on 1000 features
MSE: 0.71 		 r2: 0.33 		 time: 130.60 ... (0.74 + 129.86)

Movie #15044, Glitter (2001)
average rating: 1.97 in 2596 reviews  |  regressing on 1000 features
MSE: 0.88 		 r2: 0.43 		 time: 133.37 ... (0.83 + 132.54)

Movie #15045, Yossi & Jagger (2002)
average rating: 3.37 in 3045 reviews  |  regressing on 1000 features
MSE: 0.78 		 r2: 0.33 		 time: 121.39 ... (0.69 + 120.69)

Movie #15046, The Hot Rock (1972)
average rating: 3.05 in 710 reviews  |  regressing on 710 features
MSE: 0.85 		 r2: 0.14 		 time: 118.19 ... (0.64 + 117.55)

Movie #15047, The Bridge of San Luis Rey (1944)
average rating: 2.60 in 124 reviews  |  regressing on 124 features
MSE: 1.35 		 r2: 0.06 		 time: 9.98 ... (0.54 + 9.44)

Movie #15048, City Slickers (1991)
average rating: 3.52 in 70370 reviews  |  regressing on 1000 features
MSE: 0.69 		 r2: 0.22 		 time: 102.09 ... (0.77 + 101.32)

Movie #15049, Red Dwarf: Series 4: Bonus Material (1988)
average rating: 3.96 in 251 reviews  |  regressing on 251 features
MSE: 0.96 		 r2: 0.27 		 time: 18.59 ... (0.58 + 18.01)

Movie #15050, Delta Force One: The Lost Patrol (1999)
average rating: 2.32 in 167 reviews  |  regressing on 167 features
MSE: 0.77 		 r2: 0.39 		 time: 15.79 ... (0.57 + 15.22)

Movie #15051, Fighter Pilot: Operation Red Flag (2005)
average rating: 3.36 in 58 reviews  |  regressing on 58 features
MSE: 0.95 		 r2: 0.12 		 time: 3.48 ... (0.52 + 2.96)

Movie #15052, Frogs (1972)
average rating: 2.29 in 394 reviews  |  regressing on 394 features
MSE: 0.87 		 r2: 0.17 		 time: 50.13 ... (0.62 + 49.51)

Movie #15053, F/X 2 (1991)
average rating: 3.09 in 2101 reviews  |  regressing on 1000 features
MSE: 0.45 		 r2: 0.56 		 time: 112.35 ... (1.02 + 111.33)

Movie #15054, Roy Orbison: Live at Austin City Limits (1982)
average rating: 3.48 in 187 reviews  |  regressing on 187 features
MSE: 0.70 		 r2: -0.07 		 time: 20.06 ... (0.60 + 19.46)

Movie #15055, Short Cuts (1993)
average rating: 3.65 in 6508 reviews  |  regressing on 1000 features
MSE: 0.72 		 r2: 0.30 		 time: 92.84 ... (0.70 + 92.14)

Movie #15056, Mom's Outta Sight! (1998)
average rating: 2.19 in 67 reviews  |  regressing on 67 features
MSE: 1.46 		 r2: 0.12 		 time: 4.90 ... (0.52 + 4.38)

Movie #15057, Witness (1985)
average rating: 3.86 in 30070 reviews  |  regressing on 1000 features
MSE: 0.42 		 r2: 0.18 		 time: 99.68 ... (0.81 + 98.87)

Movie #15058, Notting Hill (1999)
average rating: 3.63 in 67860 reviews  |  regressing on 1000 features
MSE: 0.76 		 r2: 0.26 		 time: 84.11 ... (0.75 + 83.35)

Movie #15059, Boogeyman 2 (1983)
average rating: 1.85 in 119 reviews  |  regressing on 119 features
MSE: 1.42 		 r2: -0.22 		 time: 10.14 ... (0.55 + 9.59)

Movie #15060, Xena #1: Girls Just Want to Have Fun: Multipath Adventure (1999)
average rating: 2.34 in 121 reviews  |  regressing on 121 features
MSE: 1.62 		 r2: 0.02 		 time: 12.11 ... (0.59 + 11.52)

Movie #15061, Night on the Galactic Railroad (1985)
average rating: 2.89 in 152 reviews  |  regressing on 152 features
MSE: 1.12 		 r2: 0.27 		 time: 10.62 ... (0.55 + 10.08)

Movie #15062, Grease (1978)
average rating: 3.80 in 102576 reviews  |  regressing on 1000 features
MSE: 0.98 		 r2: 0.27 		 time: 78.96 ... (1.04 + 77.92)

Movie #15063, White Chicks (2004)
average rating: 3.28 in 41968 reviews  |  regressing on 1000 features
MSE: 1.16 		 r2: 0.22 		 time: 91.12 ... (0.77 + 90.35)

Movie #15064, Dangerous Liaisons (1988)
average rating: 3.80 in 25807 reviews  |  regressing on 1000 features
MSE: 0.83 		 r2: 0.23 		 time: 109.69 ... (0.81 + 108.88)

Movie #15065, Black Flag: Live (1984)
average rating: 2.97 in 180 reviews  |  regressing on 180 features
MSE: 1.22 		 r2: 0.04 		 time: 12.29 ... (0.65 + 11.64)

Movie #15066, The Draughtsman's Contract (1982)
average rating: 2.90 in 1033 reviews  |  regressing on 1000 features
MSE: 0.41 		 r2: 0.70 		 time: 116.54 ... (0.84 + 115.70)

Movie #15067, The Wayans Bros.: Season 1 (1995)
average rating: 3.64 in 447 reviews  |  regressing on 447 features
MSE: 1.34 		 r2: 0.22 		 time: 41.70 ... (0.67 + 41.04)

Movie #15068, Phantoms (1998)
average rating: 2.94 in 3235 reviews  |  regressing on 1000 features
MSE: 0.68 		 r2: 0.36 		 time: 124.70 ... (0.85 + 123.86)

Movie #15069, The Presidents Collection: The Democrats (1991)
average rating: 3.35 in 142 reviews  |  regressing on 142 features
MSE: 1.13 		 r2: 0.26 		 time: 8.96 ... (0.69 + 8.28)

Movie #15070, Sex and the City: Season 2 (1999)
average rating: 4.16 in 44240 reviews  |  regressing on 1000 features
MSE: 0.76 		 r2: 0.46 		 time: 80.48 ... (0.77 + 79.71)

Movie #15071, The Outer Limits: The New Series: Sex and Science Fiction (1995)
average rating: 3.20 in 1891 reviews  |  regressing on 1000 features
MSE: 0.46 		 r2: 0.55 		 time: 152.97 ... (0.84 + 152.14)

Movie #15072, Two Brothers and a Bride (2004)
average rating: 2.64 in 782 reviews  |  regressing on 782 features
MSE: 0.81 		 r2: 0.08 		 time: 89.61 ... (0.78 + 88.83)

Movie #15073, The Avengers '66 (1966)
average rating: 3.58 in 1832 reviews  |  regressing on 1000 fssing on 1000 features
MSE: 0.68 		 r2: 0.34 		 time: 97.27 ... (0.83 + 96.44)

Movie #15550, Hello Kitty Becomes a Princess (1987)
average rating: 2.97 in 353 reviews  |  regressing on 353 features
MSE: 1.28 		 r2: 0.13 		 time: 39.48 ... (0.62 + 38.85)

Movie #15551, Beneath the 12-Mile Reef (1953)
average rating: 2.79 in 101 reviews  |  regressing on 101 features
MSE: 0.92 		 r2: -0.02 		 time: 8.52 ... (0.61 + 7.91)

Movie #15552, The Three Stooges: Greatest Hits & Rarities (1932)
average rating: 3.91 in 986 reviews  |  regressing on 986 features
MSE: 0.73 		 r2: 0.49 		 time: 149.94 ... (0.78 + 149.16)

Movie #15553, Promises (2001)
average rating: 3.95 in 619 reviews  |  regressing on 619 features
MSE: 1.08 		 r2: 0.19 		 time: 83.68 ... (0.71 + 82.97)

Movie #15554, Mystery Science Theater 3000: Boggy Creek II: And the Legend Continues (1999)
average rating: 3.90 in 1568 reviews  |  regressing on 1000 features
MSE: 0.40 		 r2: 0.66 		 time: 109.15 ... (0.77 + 108.38)

Movie #15555, Duplex (Full-screen) (2003)
average rating: 3.19 in 6342 reviews  |  regressing on 1000 features
MSE: 0.56 		 r2: 0.37 		 time: 92.22 ... (1.01 + 91.21)

Movie #15556, Weekend (1967)
average rating: 3.53 in 252 reviews  |  regressing on 252 features
MSE: 1.22 		 r2: 0.17 		 time: 19.06 ... (0.55 + 18.51)

Movie #15557, Futurama: Vol. 3 (1999)
average rating: 4.34 in 9218 reviews  |  regressing on 1000 features
MSE: 0.33 		 r2: 0.63 		 time: 105.42 ... (0.79 + 104.63)

Movie #15558, All About Lily Chou-Chou (2001)
average rating: 3.02 in 399 reviews  |  regressing on 399 features
MSE: 1.33 		 r2: 0.11 		 time: 35.17 ... (0.61 + 34.56)

Movie #15559, The Grim Reaper (1980)
average rating: 2.02 in 89 reviews  |  regressing on 89 features
MSE: 1.24 		 r2: 0.11 		 time: 7.96 ... (0.55 + 7.41)

Movie #15560, Turbulence 3: Heavy Metal (Special Edition) (2000)
average rating: 2.27 in 177 reviews  |  regressing on 177 features
MSE: 0.70 		 r2: 0.36 		 time: 17.32 ... (0.61 + 16.71)

Movie #15561, VeggieTales: The Toy That Saved Christmas (1996)
average rating: 4.02 in 515 reviews  |  regressing on 515 features
MSE: 0.57 		 r2: 0.46 		 time: 51.44 ... (0.58 + 50.86)

Movie #15562, XChange (2000)
average rating: 2.77 in 773 reviews  |  regressing on 773 features
MSE: 0.86 		 r2: 0.18 		 time: 95.26 ... (0.73 + 94.53)

Movie #15563, Mona Lisa Smile (2003)
average rating: 3.42 in 99009 reviews  |  regressing on 1000 features
MSE: 0.79 		 r2: 0.14 		 time: 85.99 ... (0.76 + 85.23)

Movie #15564, Looney Tunes: Stranger Than Fiction (2003)
average rating: 3.05 in 335 reviews  |  regressing on 335 features
MSE: 1.21 		 r2: 0.11 		 time: 36.85 ... (0.75 + 36.09)

Movie #15565, Dawn of the Dead: Documentaries (1978)
average rating: 3.92 in 1936 reviews  |  regressing on 1000 features
MSE: 0.58 		 r2: 0.55 		 time: 119.74 ... (0.72 + 119.03)

Movie #15566, Eye of the Killer (2000)
average rating: 2.93 in 939 reviews  |  regressing on 939 features
MSE: 0.84 		 r2: 0.11 		 time: 134.91 ... (0.77 + 134.14)

Movie #15567, Grateful Dead: Ticket to New Year's (1987)
average rating: 3.65 in 535 reviews  |  regressing on 535 features
MSE: 1.31 		 r2: 0.37 		 time: 50.88 ... (0.60 + 50.28)

Movie #15568, Cheers: Season 3 (1984)
average rating: 3.96 in 3450 reviews  |  regressing on 1000 features
MSE: 0.49 		 r2: 0.61 		 time: 113.92 ... (0.76 + 113.15)

Movie #15569, Miss Marple Mysteries: A Pocketful of Rye (1985)
average rating: 4.00 in 1062 reviews  |  regressing on 1000 features
MSE: 0.36 		 r2: 0.67 		 time: 114.96 ... (0.73 + 114.22)

Movie #15570, Passport to Paris (1999)
average rating: 3.20 in 2848 reviews  |  regressing on 1000 features
MSE: 0.52 		 r2: 0.64 		 time: 104.87 ... (0.74 + 104.12)

Movie #15571, Johnny Cash: The Anthology (2001)
average rating: 3.78 in 37 reviews  |  regressing on 37 features
MSE: 2.15 		 r2: -1.15 		 time: 2.38 ... (0.52 + 1.86)

Movie #15572, Tsukihime Lunar Legend (2004)
average rating: 3.84 in 391 reviews  |  regressing on 391 features
MSE: 0.88 		 r2: 0.26 		 time: 34.55 ... (0.58 + 33.98)

Movie #15573, Rise of the Undead (2005)
average rating: 1.50 in 169 reviews  |  regressing on 169 features
MSE: 0.64 		 r2: -0.86 		 time: 21.10 ... (0.93 + 20.17)

Movie #15574, Marmalade Boy: Ultimate Scrapbook: Vol. 2 (1994)
average rating: 3.91 in 220 reviews  |  regressing on 220 features
MSE: 0.76 		 r2: 0.64 		 time: 14.09 ... (0.59 + 13.50)

Movie #15575, Royal Wedding (1951)
average rating: 3.55 in 1405 reviews  |  regressing on 1000 features
MSE: 0.41 		 r2: 0.52 		 time: 141.02 ... (0.81 + 140.21)

Movie #15576, Bad Girls (1994)
average rating: 3.46 in 3276 reviews  |  regressing on 1000 features
MSE: 0.61 		 r2: 0.38 		 time: 104.33 ... (0.78 + 103.55)

Movie #15577, Ski Movie II: High Society (2001)
average rating: 3.33 in 195 reviews  |  regressing on 195 features
MSE: 1.49 		 r2: 0.19 		 time: 12.89 ... (0.80 + 12.10)

Movie #15578, Black Sheep (1996)
average rating: 3.56 in 30806 reviews  |  regressing on 1000 features
MSE: 0.76 		 r2: 0.34 		 time: 79.81 ... (0.81 + 79.00)

Movie #15579, Sheryl Crow: Rockin' the Globe Live (1999)
average rating: 2.97 in 428 reviews  |  regressing on 428 features
MSE: 1.34 		 r2: 0.15 		 time: 45.24 ... (0.65 + 44.60)

Movie #15580, Robbie the Reindeer in Hooves of Fire and the Legend of the Lost Tribe (1999)
average rating: 3.00 in 406 reviews  |  regressing on 406 features
MSE: 1.16 		 r2: 0.13 		 time: 45.87 ... (0.62 + 45.25)

Movie #15581, Detroit 9000 (1973)
average rating: 2.72 in 107 reviews  |  regressing on 107 features
MSE: 1.17 		 r2: -0.03 		 time: 8.33 ... (0.52 + 7.81)

Movie #15582, Sweet Home Alabama (2002)
average rating: 3.54 in 176539 reviews  |  regressing on 1000 features
MSE: 0.87 		 r2: 0.32 		 time: 66.40 ... (0.85 + 65.56)

Movie #15583, Beethoven: Symphony No. 9: Karajan (1983)
average rating: 3.40 in 211 reviews  |  regressing on 211 features
MSE: 1.17 		 r2: -0.16 		 time: 17.75 ... (0.54 + 17.20)

Movie #15584, Rugrats All Grown Up: Growing Up Changes Everything (2003)
average rating: 3.40 in 1247 reviews  |  regressing on 1000 features
MSE: 0.53 		 r2: 0.61 		 time: 123.56 ... (0.74 + 122.82)

Movie #15585, Ajnabee (2001)
average rating: 2.96 in 194 reviews  |  regressing on 194 features
MSE: 0.91 		 r2: 0.23 		 time: 13.59 ... (0.54 + 13.05)

Movie #15586, A Man in Uniform (1993)
average rating: 2.42 in 131 reviews  |  regressing on 131 features
MSE: 0.97 		 r2: 0.14 		 time: 11.68 ... (0.64 + 11.04)

Movie #15587, Mythical Detective Loki Ragnarok (2005)
average rating: 4.11 in 37 reviews  |  regressing on 37 features
MSE: 1.71 		 r2: -0.14 		 time: 1.88 ... (0.54 + 1.33)

Movie #15588, Reagan: American Experience (1998)
average rating: 3.47 in 217 reviews  |  regressing on 217 features
MSE: 0.91 		 r2: 0.39 		 time: 18.30 ... (0.63 + 17.67)

Movie #15589, Classic Sci-Fi Movies: In the Year 2889 / They Came From Beyond Space / Teenagers From Outer Space (1959)
average rating: 2.51 in 107 reviews  |  regressing on 107 features
MSE: 0.71 		 r2: 0.16 		 time: 8.97 ... (0.74 + 8.24)

Movie #15590, Jam Miami: A Celebration of Latin Jazz (2002)
average rating: 3.18 in 133 reviews  |  regressing on 133 features
MSE: 1.18 		 r2: 0.07 		 time: 7.93 ... (0.52 + 7.41)

Movie #15591, Extreme Days (2001)
average rating: 2.65 in 917 reviews  |  regressing on 917 features
MSE: 1.00 		 r2: 0.30 		 time: 96.87 ... (0.82 + 96.06)

Movie #15592, Camp Nowhere (1994)
average rating: 3.51 in 2458 reviews  |  regressing on 1000 features
MSE: 0.64 		 r2: 0.40 		 time: 107.51 ... (0.81 + 106.69)

Movie #15593, Color Me Blood Red (1965)
average rating: 2.69 in 155 reviews  |  regressing on 155 features
MSE: 1.24 		 r2: 0.24 		 time: 12.49 ... (0.62 + 11.87)

Movie #15594, MASH: Season 1 (1972)
average rating: 4.12 in 8022 reviews  |  regressing on 1000 features
MSE: 0.70 		 r2: 0.42 		 time: 129.69 ... (0.75 + 128.94)

Movie #15595, The Omen Legacy (2001)
average rating: 2.95 in 186 reviews  |  regressing on 186 features
MSE: 1.15 		 r2: -0.22 		 time: 18.84 ... (0.66 + 18.17)

Movie #15596, Irresponsible Captain Tylor OVA (2001)
average rating: 3.66 in 180 reviews  |  regressing on 180 featureseatures
MSE: 0.51 		 r2: 0.57 		 time: 138.27 ... (0.75 + 137.51)

Movie #15074, The Baby (1973)
average rating: 2.50 in 145 reviews  |  regressing on 145 features
MSE: 1.06 		 r2: 0.13 		 time: 10.25 ... (0.61 + 9.64)

Movie #15075, Rock School (2005)
average rating: 3.23 in 1097 reviews  |  regressing on 1000 features
MSE: 0.56 		 r2: 0.44 		 time: 127.42 ... (0.86 + 126.56)

Movie #15076, Continental Divide (1981)
average rating: 3.14 in 803 reviews  |  regressing on 803 features
MSE: 0.84 		 r2: 0.25 		 time: 99.99 ... (0.86 + 99.13)

Movie #15077, Sin Dejar Huella (2000)
average rating: 3.21 in 138 reviews  |  regressing on 138 features
MSE: 0.89 		 r2: 0.23 		 time: 9.37 ... (0.58 + 8.80)

Movie #15078, Jumanji (1995)
average rating: 3.52 in 27648 reviews  |  regressing on 1000 features
MSE: 0.68 		 r2: 0.29 		 time: 85.15 ... (0.78 + 84.37)

Movie #15079, H.R. Pufnstuf: The Complete Series (1969)
average rating: 3.42 in 451 reviews  |  regressing on 451 features
MSE: 1.10 		 r2: 0.30 		 time: 49.11 ... (0.66 + 48.45)

Movie #15080, One Night Stand (1997)
average rating: 2.92 in 1099 reviews  |  regressing on 1000 features
MSE: 0.46 		 r2: 0.63 		 time: 142.25 ... (0.96 + 141.29)

Movie #15081, The Chieftains: Live Over Ireland: Water from the Well (2000)
average rating: 3.57 in 270 reviews  |  regressing on 270 features
MSE: 1.06 		 r2: 0.07 		 time: 26.53 ... (0.74 + 25.79)

Movie #15082, Ed Sullivan: Muppets Magic (2003)
average rating: 3.69 in 529 reviews  |  regressing on 529 features
MSE: 1.21 		 r2: 0.18 		 time: 60.65 ... (0.70 + 59.95)

Movie #15083, Mulva: Zombie Ass Kicker! / Filthy McNasty (Double Feature) (2001)
average rating: 1.67 in 178 reviews  |  regressing on 178 features
MSE: 1.12 		 r2: -0.03 		 time: 26.10 ... (0.56 + 25.54)

Movie #15084, Leaving Las Vegas (1995)
average rating: 3.56 in 43111 reviews  |  regressing on 1000 features
MSE: 0.91 		 r2: 0.16 		 time: 100.16 ... (0.79 + 99.37)

Movie #15085, The BRD Trilogy: Veronika Voss (1982)
average rating: 3.69 in 260 reviews  |  regressing on 260 features
MSE: 1.02 		 r2: 0.19 		 time: 23.13 ... (0.64 + 22.49)

Movie #15086, The World at War (1974)
average rating: 4.16 in 481 reviews  |  regressing on 481 features
MSE: 0.64 		 r2: 0.06 		 time: 57.63 ... (0.62 + 57.01)

Movie #15087, Mr. India (1987)
average rating: 3.54 in 211 reviews  |  regressing on 211 features
MSE: 1.26 		 r2: 0.23 		 time: 13.19 ... (0.58 + 12.60)

Movie #15088, Yamamoto Yohko: Starship Girl (1996)
average rating: 2.86 in 181 reviews  |  regressing on 181 features
MSE: 1.34 		 r2: 0.29 		 time: 12.52 ... (0.70 + 11.82)

Movie #15089, 800 Leagues Down the Amazon (2000)
average rating: 2.07 in 108 reviews  |  regressing on 108 features
MSE: 1.02 		 r2: -0.03 		 time: 8.00 ... (0.53 + 7.47)

Movie #15090, Pilates Conditioning for Weight Loss (2002)
average rating: 2.71 in 521 reviews  |  regressing on 521 features
MSE: 1.20 		 r2: -0.02 		 time: 62.65 ... (0.68 + 61.97)

Movie #15091, Gardens of Stone (1987)
average rating: 3.30 in 2097 reviews  |  regressing on 1000 features
MSE: 0.72 		 r2: 0.38 		 time: 131.77 ... (0.82 + 130.95)

Movie #15092, Annie Lennox: Totally Diva (1992)
average rating: 3.37 in 129 reviews  |  regressing on 129 features
MSE: 1.52 		 r2: -0.07 		 time: 10.03 ... (0.73 + 9.30)

Movie #15093, Poolhall Junkies (2003)
average rating: 3.44 in 5257 reviews  |  regressing on 1000 features
MSE: 0.86 		 r2: 0.25 		 time: 104.94 ... (0.70 + 104.24)

Movie #15094, The Stupids (1996)
average rating: 2.65 in 328 reviews  |  regressing on 328 features
MSE: 1.87 		 r2: -0.02 		 time: 34.39 ... (0.61 + 33.79)

Movie #15095, Manna from Heaven (2001)
average rating: 2.61 in 202 reviews  |  regressing on 202 features
MSE: 0.97 		 r2: -0.38 		 time: 16.16 ... (0.53 + 15.62)

Movie #15096, The Inspector Lynley Mysteries: In Pursuit of the Proper Sinner (2004)
average rating: 3.94 in 379 reviews  |  regressing on 379 features
MSE: 0.53 		 r2: 0.52 		 time: 40.90 ... (0.58 + 40.31)

Movie #15097, Blue Citrus Hearts (2003)
average rating: 2.32 in 243 reviews  |  regress
MSE: 0.69 		 r2: 0.44 		 time: 12.87 ... (0.58 + 12.28)

Movie #15597, Day of the Dead (1985)
average rating: 3.48 in 6808 reviews  |  regressing on 1000 features
MSE: 0.77 		 r2: 0.36 		 time: 105.19 ... (0.78 + 104.41)

Movie #15598, The Basket (1999)
average rating: 3.03 in 345 reviews  |  regressing on 345 features
MSE: 1.05 		 r2: 0.09 		 time: 31.07 ... (0.71 + 30.36)

Movie #15599, The Front Page (1974)
average rating: 3.19 in 362 reviews  |  regressing on 362 features
MSE: 0.85 		 r2: 0.18 		 time: 41.52 ... (0.65 + 40.87)

Movie #15600, Lakshya (2004)
average rating: 3.44 in 542 reviews  |  regressing on 542 features
MSE: 0.88 		 r2: 0.23 		 time: 53.78 ... (0.74 + 53.04)

Movie #15601, Gotti (1996)
average rating: 3.31 in 1678 reviews  |  regressing on 1000 features
MSE: 0.50 		 r2: 0.49 		 time: 130.52 ... (0.87 + 129.66)

Movie #15602, U.S. Seals: Dead or Alive (2002)
average rating: 2.23 in 200 reviews  |  regressing on 200 features
MSE: 1.17 		 r2: 0.06 		 time: 17.11 ... (1.01 + 16.10)

Movie #15603, Young Master (1980)
average rating: 3.52 in 174 reviews  |  regressing on 174 features
MSE: 0.87 		 r2: 0.29 		 time: 14.30 ... (0.61 + 13.68)

Movie #15604, Robert Townsend: Partners in Crime: Vol. 3 (1991)
average rating: 3.05 in 132 reviews  |  regressing on 132 features
MSE: 0.71 		 r2: 0.54 		 time: 10.40 ... (0.55 + 9.85)

Movie #15605, The Life and Times of Steve Marriott (2000)
average rating: 3.02 in 104 reviews  |  regressing on 104 features
MSE: 1.31 		 r2: 0.11 		 time: 7.49 ... (0.58 + 6.91)

Movie #15606, Alien from L.A. (1988)
average rating: 2.33 in 117 reviews  |  regressing on 117 features
MSE: 1.17 		 r2: 0.30 		 time: 10.47 ... (0.55 + 9.92)

Movie #15607, Earth / The End of St. Petersburg / Chess Fever: Triple Feature (1925)
average rating: 3.31 in 106 reviews  |  regressing on 106 features
MSE: 0.61 		 r2: 0.09 		 time: 7.26 ... (0.64 + 6.62)

Movie #15608, The Bitter Tears of Petra Von Kant (1972)
average rating: 3.00 in 478 reviews  |  regressing on 478 features
MSE: 1.19 		 r2: 0.33 		 time: 45.09 ... (0.67 + 44.42)

Movie #15609, South Park: Season 5 (2001)
average rating: 4.36 in 11334 reviews  |  regressing on 1000 features
MSE: 0.31 		 r2: 0.59 		 time: 109.19 ... (0.78 + 108.41)

Movie #15610, The Prowler (1981)
average rating: 2.60 in 219 reviews  |  regressing on 219 features
MSE: 0.77 		 r2: 0.34 		 time: 19.74 ... (0.60 + 19.14)

Movie #15611, Up Against Amanda (2001)
average rating: 2.20 in 188 reviews  |  regressing on 188 features
MSE: 0.94 		 r2: -0.02 		 time: 18.86 ... (0.58 + 18.28)

Movie #15612, Ray Charles: Live at the Montreux Jazz Festival (2002)
average rating: 3.20 in 107 reviews  |  regressing on 107 features
MSE: 1.23 		 r2: 0.06 		 time: 7.88 ... (0.57 + 7.30)

Movie #15613, A Connecticut Yankee in King Arthur's Court / The Emperor Waltz: Double Feature (1948)
average rating: 3.50 in 447 reviews  |  regressing on 447 features
MSE: 0.94 		 r2: 0.30 		 time: 51.87 ... (0.72 + 51.15)

Movie #15614, Lemon Sky (1988)
average rating: 2.48 in 206 reviews  |  regressing on 206 features
MSE: 1.00 		 r2: 0.35 		 time: 19.57 ... (0.59 + 18.97)

Movie #15615, Tony Hawk's Gigantic Skatepark Tour 2002 (2002)
average rating: 3.44 in 189 reviews  |  regressing on 189 features
MSE: 1.03 		 r2: 0.34 		 time: 12.78 ... (0.83 + 11.95)

Movie #15616, All Dogs Go to Heaven 2 (1996)
average rating: 3.32 in 3034 reviews  |  regressing on 1000 features
MSE: 0.52 		 r2: 0.56 		 time: 97.63 ... (0.81 + 96.82)

Movie #15617, Hype (1996)
average rating: 3.52 in 443 reviews  |  regressing on 443 features
MSE: 0.97 		 r2: 0.18 		 time: 48.82 ... (1.06 + 47.76)

Movie #15618, Fairly Oddparents: School's Out! The Musical (2005)
average rating: 3.51 in 210 reviews  |  regressing on 210 features
MSE: 1.00 		 r2: 0.26 		 time: 17.50 ... (0.73 + 16.77)

Movie #15619, House II: The Second Story (1987)
average rating: 2.83 in 2301 reviews  |  regressing on 1000 features
MSE: 0.59 		 r2: 0.48 		 time: 124.89 ... (0.90 + 123.99)

Movie #15620, Hell's Gate (2002)
average rating: 2.21 in 253 reviews  ing on 243 features
MSE: 1.35 		 r2: 0.13 		 time: 19.34 ... (0.55 + 18.79)

Movie #15098, Annie Lennox: Live in Central Park (1995)
average rating: 3.40 in 324 reviews  |  regressing on 324 features
MSE: 1.13 		 r2: 0.26 		 time: 35.10 ... (0.58 + 34.52)

Movie #15099, Kangaroo Jack (2003)
average rating: 2.93 in 21683 reviews  |  regressing on 1000 features
MSE: 0.83 		 r2: 0.27 		 time: 85.95 ... (0.75 + 85.19)

Movie #15100, Before We Ruled the Earth: Hunt or Be Hunted (2003)
average rating: 3.20 in 197 reviews  |  regressing on 197 features
MSE: 0.97 		 r2: 0.33 		 time: 16.23 ... (0.59 + 15.64)

Movie #15101, Crazy in Alabama (1999)
average rating: 2.97 in 2875 reviews  |  regressing on 1000 features
MSE: 0.72 		 r2: 0.30 		 time: 106.82 ... (0.81 + 106.00)

Movie #15102, World Traveler (2002)
average rating: 2.25 in 901 reviews  |  regressing on 901 features
MSE: 0.88 		 r2: 0.11 		 time: 117.93 ... (0.83 + 117.09)

Movie #15103, Bon Jovi: This Left Feels Right: Live (2004)
average rating: 3.38 in 193 reviews  |  regressing on 193 features
MSE: 1.39 		 r2: 0.01 		 time: 13.34 ... (0.54 + 12.80)

Movie #15104, Anne of Green Gables: The Sequel (1987)
average rating: 4.46 in 701 reviews  |  regressing on 701 features
MSE: 0.67 		 r2: 0.09 		 time: 114.56 ... (0.79 + 113.77)

Movie #15105, My Girl (1991)
average rating: 3.62 in 47601 reviews  |  regressing on 1000 features
MSE: 0.76 		 r2: 0.30 		 time: 80.71 ... (1.15 + 79.57)

Movie #15106, Noam Chomsky: Rebel Without a Pause (2003)
average rating: 3.74 in 354 reviews  |  regressing on 354 features
MSE: 0.88 		 r2: 0.23 		 time: 28.63 ... (0.57 + 28.05)

Movie #15107, Ocean's Eleven (2001)
average rating: 3.89 in 160326 reviews  |  regressing on 1000 features
MSE: 0.67 		 r2: 0.23 		 time: 87.83 ... (0.95 + 86.88)

Movie #15108, Witchboard: The Possession (1995)
average rating: 2.55 in 339 reviews  |  regressing on 339 features
MSE: 0.73 		 r2: 0.29 		 time: 35.96 ... (0.59 + 35.36)

Movie #15109, Mystery Science Theater 3000: I Accuse My Parents (1993)
average rating: 3.85 in 1962 reviews  |  regressing on 1000 features
MSE: 0.50 		 r2: 0.53 		 time: 126.10 ... (0.84 + 125.26)

Movie #15110, Resident Evil: Apocalypse (2004)
average rating: 3.47 in 28769 reviews  |  regressing on 1000 features
MSE: 0.89 		 r2: 0.32 		 time: 82.76 ... (0.76 + 82.00)

Movie #15111, Film Noir Collection: Killer Bait (1949)
average rating: 3.41 in 203 reviews  |  regressing on 203 features
MSE: 1.22 		 r2: -0.01 		 time: 18.20 ... (0.57 + 17.63)

Movie #15112, Midnight Madness (1980)
average rating: 3.46 in 543 reviews  |  regressing on 543 features
MSE: 1.06 		 r2: 0.08 		 time: 60.45 ... (0.61 + 59.83)

Movie #15113, Madigan (1968)
average rating: 2.87 in 329 reviews  |  regressing on 329 features
MSE: 0.45 		 r2: 0.16 		 time: 49.95 ... (0.61 + 49.33)

Movie #15114, Coal Miner's Daughter: Collector's Edition (1980)
average rating: 3.79 in 15208 reviews  |  regressing on 1000 features
MSE: 0.65 		 r2: 0.23 		 time: 111.59 ... (0.79 + 110.80)

Movie #15115, Horror Hotel (1960)
average rating: 3.08 in 267 reviews  |  regressing on 267 features
MSE: 0.79 		 r2: 0.34 		 time: 26.09 ... (0.58 + 25.51)

Movie #15116, Miracle (2004)
average rating: 4.00 in 65884 reviews  |  regressing on 1000 features
MSE: 0.75 		 r2: 0.06 		 time: 95.68 ... (0.80 + 94.88)

Movie #15117, Big Brother and the Holding Company With Janis Joplin: Nine Hundred Nights (2001)
average rating: 3.11 in 228 reviews  |  regressing on 228 features
MSE: 0.97 		 r2: 0.14 		 time: 19.72 ... (0.57 + 19.15)

Movie #15118, Lucky Town (2000)
average rating: 2.50 in 302 reviews  |  regressing on 302 features
MSE: 1.10 		 r2: 0.17 		 time: 29.38 ... (0.83 + 28.55)

Movie #15119, Play to Win: Secrets of Playing Slots (2000)
average rating: 2.49 in 185 reviews  |  regressing on 185 features
MSE: 0.60 		 r2: 0.04 		 time: 14.80 ... (0.54 + 14.26)

Movie #15120, Voodoo Academy (2000)
average rating: 2.09 in 442 reviews  |  regressing on 442 features
MSE: 0.91 		 r2: 0.21 		 time: 77.89 ... (0.58 + 77.31)

Movie #15121, National Geogra|  regressing on 253 features
MSE: 1.27 		 r2: -0.00 		 time: 30.18 ... (0.67 + 29.50)

Movie #15621, Time Out With Britney Spears (1999)
average rating: 2.96 in 249 reviews  |  regressing on 249 features
MSE: 1.18 		 r2: 0.41 		 time: 22.93 ... (0.63 + 22.31)

Movie #15622, The Ultimate Beginner Series: Acoustic Guitar Basics (1994)
average rating: 2.95 in 170 reviews  |  regressing on 170 features
MSE: 0.99 		 r2: 0.17 		 time: 12.73 ... (0.63 + 12.10)

Movie #15623, Painted Lady (Masterpiece Theatre) (1997)
average rating: 3.54 in 602 reviews  |  regressing on 602 features
MSE: 0.81 		 r2: 0.11 		 time: 93.42 ... (0.68 + 92.74)

Movie #15624, Cosi (1996)
average rating: 3.40 in 1488 reviews  |  regressing on 1000 features
MSE: 0.54 		 r2: 0.51 		 time: 130.72 ... (1.01 + 129.71)

Movie #15625, Keep the Faith (2002)
average rating: 3.19 in 154 reviews  |  regressing on 154 features
MSE: 0.82 		 r2: 0.23 		 time: 11.42 ... (0.57 + 10.85)

Movie #15626, Taal (2000)
average rating: 3.47 in 784 reviews  |  regressing on 784 features
MSE: 0.90 		 r2: 0.21 		 time: 87.54 ... (0.71 + 86.83)

Movie #15627, Excalibur (1981)
average rating: 3.73 in 10672 reviews  |  regressing on 1000 features
MSE: 1.01 		 r2: 0.16 		 time: 110.34 ... (0.93 + 109.41)

Movie #15628, Car Wash (1976)
average rating: 3.35 in 3875 reviews  |  regressing on 1000 features
MSE: 0.73 		 r2: 0.43 		 time: 129.56 ... (0.95 + 128.61)

Movie #15629, The Place Promised in Our Early Days (2004)
average rating: 3.85 in 230 reviews  |  regressing on 230 features
MSE: 1.18 		 r2: 0.08 		 time: 18.36 ... (0.62 + 17.75)

Movie #15630, T.J. Hooker: Seasons 1 & 2 (1982)
average rating: 2.95 in 97 reviews  |  regressing on 97 features
MSE: 1.19 		 r2: 0.08 		 time: 6.68 ... (0.54 + 6.14)

Movie #15631, Christine: Special Edition (1983)
average rating: 3.52 in 10164 reviews  |  regressing on 1000 features
MSE: 0.61 		 r2: 0.37 		 time: 97.66 ... (1.23 + 96.43)

Movie #15632, Lou Reed: Rock & Roll Heart (1998)
average rating: 3.45 in 296 reviews  |  regressing on 296 features
MSE: 1.14 		 r2: 0.26 		 time: 28.70 ... (0.79 + 27.92)

Movie #15633, The Thin Blue Lie (2000)
average rating: 2.97 in 326 reviews  |  regressing on 326 features
MSE: 0.92 		 r2: 0.06 		 time: 38.48 ... (0.62 + 37.86)

Movie #15634, Where the Red Fern Grows (1974)
average rating: 3.97 in 5102 reviews  |  regressing on 1000 features
MSE: 0.60 		 r2: 0.24 		 time: 129.30 ... (0.73 + 128.57)

Movie #15635, Frog-g-g! (2004)
average rating: 2.10 in 121 reviews  |  regressing on 121 features
MSE: 0.91 		 r2: 0.09 		 time: 11.64 ... (0.54 + 11.10)

Movie #15636, Beauty and the Beast: Special Edition: Bonus Material (1991)
average rating: 3.69 in 100 reviews  |  regressing on 100 features
MSE: 1.24 		 r2: -0.57 		 time: 6.55 ... (0.53 + 6.02)

Movie #15637, Cartoon Crazys: Banned and Censored (2000)
average rating: 2.15 in 141 reviews  |  regressing on 141 features
MSE: 1.09 		 r2: -0.18 		 time: 12.68 ... (0.56 + 12.12)

Movie #15638, Caught on a Train (1980)
average rating: 2.91 in 119 reviews  |  regressing on 119 features
MSE: 1.24 		 r2: 0.01 		 time: 8.20 ... (0.53 + 7.67)

Movie #15639, Gundam Movie II (1998)
average rating: 3.59 in 181 reviews  |  regressing on 181 features
MSE: 0.96 		 r2: 0.45 		 time: 12.06 ... (0.55 + 11.51)

Movie #15640, Wild Reeds (1994)
average rating: 3.38 in 1791 reviews  |  regressing on 1000 features
MSE: 0.70 		 r2: 0.42 		 time: 113.53 ... (0.78 + 112.76)

Movie #15641, A Separate Peace (2003)
average rating: 2.65 in 196 reviews  |  regressing on 196 features
MSE: 1.29 		 r2: -0.07 		 time: 17.02 ... (0.60 + 16.42)

Movie #15642, Servants of Twilight (1991)
average rating: 2.34 in 197 reviews  |  regressing on 197 features
MSE: 1.05 		 r2: 0.19 		 time: 17.60 ... (0.54 + 17.05)

Movie #15643, The Secret Garden (1987)
average rating: 3.71 in 4820 reviews  |  regressing on 1000 features
MSE: 0.54 		 r2: 0.38 		 time: 115.70 ... (0.90 + 114.79)

Movie #15644, Bobby Darin: Beyond the Song (1998)
average rating: 3.61 in 122 reviews  |  regressing on 122 features
MSE: 0.62phic: Surviving West Point (2003)
average rating: 3.38 in 250 reviews  |  regressing on 250 features
MSE: 1.07 		 r2: 0.11 		 time: 22.12 ... (0.58 + 21.54)

Movie #15122, Stan Lee's Mutants (2002)
average rating: 3.25 in 718 reviews  |  regressing on 718 features
MSE: 1.23 		 r2: 0.16 		 time: 95.19 ... (0.70 + 94.48)

Movie #15123, Godzilla vs. Destroyah / Godzilla vs. Space Godzilla (Double Feature) (1995)
average rating: 3.39 in 877 reviews  |  regressing on 877 features
MSE: 0.68 		 r2: 0.49 		 time: 113.57 ... (0.93 + 112.64)

Movie #15124, Independence Day (1996)
average rating: 3.72 in 216596 reviews  |  regressing on 1000 features
MSE: 0.76 		 r2: 0.20 		 time: 66.21 ... (0.81 + 65.40)

Movie #15125, 8 Seconds (1994)
average rating: 3.62 in 8030 reviews  |  regressing on 1000 features
MSE: 0.76 		 r2: 0.35 		 time: 98.13 ... (0.71 + 97.42)

Movie #15126, Johnson County War (2001)
average rating: 3.22 in 668 reviews  |  regressing on 668 features
MSE: 0.79 		 r2: 0.18 		 time: 92.31 ... (0.75 + 91.57)

Movie #15127, Pokemon Master Quest: Collector's Box: Quest 1 (2002)
average rating: 3.22 in 219 reviews  |  regressing on 219 features
MSE: 0.85 		 r2: 0.64 		 time: 14.98 ... (0.59 + 14.40)

Movie #15128, 1969 (1988)
average rating: 2.78 in 1094 reviews  |  regressing on 1000 features
MSE: 0.53 		 r2: 0.55 		 time: 119.15 ... (0.76 + 118.39)

Movie #15129, Mr. Smith Goes to Washington (1939)
average rating: 4.01 in 27916 reviews  |  regressing on 1000 features
MSE: 0.63 		 r2: 0.18 		 time: 114.32 ... (0.75 + 113.57)

Movie #15130, The Best of Rowan & Martin's Laugh-In (1968)
average rating: 3.08 in 1197 reviews  |  regressing on 1000 features
MSE: 0.52 		 r2: 0.58 		 time: 199.39 ... (0.86 + 198.53)

Movie #15131, The Chieftains: An Irish Evening (1992)
average rating: 3.34 in 139 reviews  |  regressing on 139 features
MSE: 1.26 		 r2: 0.09 		 time: 10.67 ... (0.87 + 9.80)

Movie #15132, The Dish (2000)
average rating: 3.55 in 9409 reviews  |  regressing on 1000 features
MSE: 0.90 		 r2: 0.16 		 time: 132.64 ... (0.77 + 131.88)

Movie #15133, Resurrection (1999)
average rating: 3.11 in 1095 reviews  |  regressing on 1000 features
MSE: 0.37 		 r2: 0.58 		 time: 167.05 ... (0.84 + 166.22)

Movie #15134, Nothing in Common (1986)
average rating: 3.05 in 3436 reviews  |  regressing on 1000 features
MSE: 0.58 		 r2: 0.34 		 time: 125.52 ... (0.81 + 124.72)

Movie #15135, Striptease: The Greatest Exotic Dancers of All Time (2004)
average rating: 2.52 in 125 reviews  |  regressing on 125 features
MSE: 1.61 		 r2: -0.11 		 time: 8.26 ... (0.57 + 7.68)

Movie #15136, Alfred Stieglitz: The Eloquent Eye (2000)
average rating: 3.70 in 380 reviews  |  regressing on 380 features
MSE: 0.75 		 r2: 0.16 		 time: 39.47 ... (0.99 + 38.48)

Movie #15137, Dead Alive (1992)
average rating: 3.61 in 6656 reviews  |  regressing on 1000 features
MSE: 1.19 		 r2: 0.28 		 time: 109.05 ... (0.87 + 108.18)

Movie #15138, Great Blunders of WWII (1998)
average rating: 2.99 in 186 reviews  |  regressing on 186 features
MSE: 0.93 		 r2: 0.02 		 time: 14.32 ... (0.54 + 13.78)

Movie #15139, Lemora: A Child's Tale of the Supernatural (1973)
average rating: 2.55 in 204 reviews  |  regressing on 204 features
MSE: 0.80 		 r2: 0.14 		 time: 19.81 ... (0.57 + 19.24)

Movie #15140, Lightning: Fire from the Sky (2001)
average rating: 2.77 in 190 reviews  |  regressing on 190 features
MSE: 1.02 		 r2: 0.04 		 time: 12.47 ... (0.66 + 11.81)

Movie #15141, Tarzan in Manhattan (1989)
average rating: 2.32 in 108 reviews  |  regressing on 108 features
MSE: 1.25 		 r2: 0.04 		 time: 9.36 ... (0.58 + 8.78)

Movie #15142, Times Square (1980)
average rating: 3.04 in 115 reviews  |  regressing on 115 features
MSE: 1.33 		 r2: -0.07 		 time: 8.38 ... (0.56 + 7.82)

Movie #15143, MacGyver: Season 2 (1986)
average rating: 3.99 in 1356 reviews  |  regressing on 1000 features
MSE: 0.29 		 r2: 0.74 		 time: 130.81 ... (0.78 + 130.02)

Movie #15144, Alabama: For the Record: 41 Number One Hits (1998)
average rating: 3.36 in 234 reviews  |  regressing on 234 features
MSE: 1.1 		 r2: 0.57 		 time: 8.73 ... (0.55 + 8.17)

Movie #15645, Homicidal (1961)
average rating: 3.12 in 387 reviews  |  regressing on 387 features
MSE: 1.11 		 r2: 0.28 		 time: 46.30 ... (0.59 + 45.71)

Movie #15646, Lemony Snicket's A Series of Unfortunate Events (2004)
average rating: 3.28 in 85716 reviews  |  regressing on 1000 features
MSE: 1.07 		 r2: 0.00 		 time: 113.29 ... (1.12 + 112.17)

Movie #15647, Creepshow 2 (1987)
average rating: 3.11 in 6624 reviews  |  regressing on 1000 features
MSE: 0.71 		 r2: 0.41 		 time: 100.15 ... (0.85 + 99.30)

Movie #15648, National Geographic: Dinosaur Hunters: Secrets of the Gobi Desert (2002)
average rating: 3.15 in 207 reviews  |  regressing on 207 features
MSE: 1.51 		 r2: 0.01 		 time: 19.21 ... (0.63 + 18.58)

Movie #15649, Of Human Bondage (1934)
average rating: 3.47 in 199 reviews  |  regressing on 199 features
MSE: 0.54 		 r2: 0.37 		 time: 17.63 ... (0.63 + 17.00)

Movie #15650, Ullathai Allitha (1996)
average rating: 2.14 in 73 reviews  |  regressing on 73 features
MSE: 1.65 		 r2: -0.18 		 time: 5.69 ... (0.86 + 4.83)

Movie #15651, Oliver Twist (1997)
average rating: 3.48 in 709 reviews  |  regressing on 709 features
MSE: 0.73 		 r2: 0.17 		 time: 103.02 ... (0.73 + 102.30)

Movie #15652, Brainy Baby: ABC's (2002)
average rating: 3.04 in 94 reviews  |  regressing on 94 features
MSE: 1.36 		 r2: 0.36 		 time: 6.12 ... (0.63 + 5.49)

Movie #15653, Charlotte Church: Voice of an Angel in Concert (1999)
average rating: 3.26 in 255 reviews  |  regressing on 255 features
MSE: 1.18 		 r2: 0.26 		 time: 21.71 ... (0.63 + 21.08)

Movie #15654, Parasite Dolls (2004)
average rating: 2.93 in 257 reviews  |  regressing on 257 features
MSE: 1.18 		 r2: 0.12 		 time: 21.31 ... (0.61 + 20.70)

Movie #15655, Lonesome Dove: The Series (1994)
average rating: 3.27 in 119 reviews  |  regressing on 119 features
MSE: 0.91 		 r2: 0.31 		 time: 9.42 ... (0.60 + 8.82)

Movie #15656, Bela Lugosi: The Gorilla / Nabonga (1939)
average rating: 2.33 in 75 reviews  |  regressing on 75 features
MSE: 1.26 		 r2: 0.15 		 time: 6.37 ... (0.55 + 5.82)

Movie #15657, Dead Man (1995)
average rating: 3.65 in 11461 reviews  |  regressing on 1000 features
MSE: 1.06 		 r2: 0.25 		 time: 105.36 ... (0.76 + 104.60)

Movie #15658, Renegade: Season 1 (1992)
average rating: 3.03 in 132 reviews  |  regressing on 132 features
MSE: 1.24 		 r2: 0.44 		 time: 9.75 ... (0.54 + 9.22)

Movie #15659, Judy (1962)
average rating: 3.20 in 91 reviews  |  regressing on 91 features
MSE: 1.83 		 r2: -0.22 		 time: 7.46 ... (0.55 + 6.90)

Movie #15660, Seducing Maarya (1999)
average rating: 2.26 in 314 reviews  |  regressing on 314 features
MSE: 1.08 		 r2: 0.12 		 time: 38.21 ... (0.55 + 37.66)

Movie #15661, The End Times (2002)
average rating: 3.23 in 252 reviews  |  regressing on 252 features
MSE: 1.40 		 r2: 0.19 		 time: 17.65 ... (0.58 + 17.07)

Movie #15662, The Killing Fields (1984)
average rating: 3.99 in 25037 reviews  |  regressing on 1000 features
MSE: 0.78 		 r2: 0.17 		 time: 99.74 ... (0.78 + 98.96)

Movie #15663, Rumpole of the Bailey: Series 3 (1983)
average rating: 3.90 in 311 reviews  |  regressing on 311 features
MSE: 0.45 		 r2: 0.69 		 time: 30.23 ... (0.62 + 29.61)

Movie #15664, I've Heard the Mermaids Singing (1987)
average rating: 3.01 in 226 reviews  |  regressing on 226 features
MSE: 1.16 		 r2: 0.19 		 time: 15.87 ... (0.55 + 15.33)

Movie #15665, Globe Trekker: Brazil (2002)
average rating: 3.48 in 75 reviews  |  regressing on 75 features
MSE: 1.07 		 r2: 0.38 		 time: 4.13 ... (0.54 + 3.59)

Movie #15666, Boy Meets World: Season 2 (1994)
average rating: 3.85 in 1502 reviews  |  regressing on 1000 features
MSE: 0.47 		 r2: 0.60 		 time: 120.78 ... (0.78 + 120.00)

Movie #15667, Mother Night (1996)
average rating: 3.41 in 1069 reviews  |  regressing on 1000 features
MSE: 0.49 		 r2: 0.52 		 time: 134.45 ... (0.82 + 133.63)

Movie #15668, The Paradine Case (1947)
average rating: 3.28 in 961 reviews  |  regressing on 961 features
MSE: 0.85 		 r2: 0.17 		 time: 156.41 ... (0.79 + 155.63)

Movie #15669, A Smile Like Yours (1997)
average rating: 2.98 in 289 reviews  |  regressing on 289 features
MSE: 0.95 		 r2: 0.19 		 time: 26.01 ... (0.59 + 25.42)

Movie #15670, L.A. Law: The Movie (2002)
average rating: 2.50 in 121 reviews  |  regressing on 121 features
MSE: 0.72 		 r2: 0.04 		 time: 10.07 ... (0.67 + 9.41)

Movie #15671, The Running Man (1987)
average rating: 3.45 in 30799 reviews  |  regressing on 1000 features
MSE: 0.60 		 r2: 0.26 		 time: 92.54 ... (0.89 + 91.65)

Movie #15672, Golden Years (1991)
average rating: 3.00 in 772 reviews  |  regressing on 772 features
MSE: 0.95 		 r2: 0.28 		 time: 108.65 ... (0.81 + 107.84)

Movie #15673, The Italians (1996)
average rating: 2.73 in 160 reviews  |  regressing on 160 features
MSE: 1.23 		 r2: -0.01 		 time: 12.68 ... (0.60 + 12.08)

Movie #15674, Arlington Road (1999)
average rating: 3.50 in 21537 reviews  |  regressing on 1000 features
MSE: 0.65 		 r2: 0.22 		 time: 103.84 ... (0.88 + 102.96)

Movie #15675, Anne Frank Remembered (1995)
average rating: 3.91 in 754 reviews  |  regressing on 754 features
MSE: 0.77 		 r2: 0.13 		 time: 134.98 ... (0.74 + 134.25)

Movie #15676, Sherlock Holmes: Terror by Night (1946)
average rating: 3.81 in 600 reviews  |  regressing on 600 features
MSE: 0.37 		 r2: 0.60 		 time: 73.83 ... (0.69 + 73.14)

Movie #15677, Pecker (1998)
average rating: 3.38 in 10389 reviews  |  regressing on 1000 features
MSE: 0.82 		 r2: 0.25 		 time: 103.85 ... (0.80 + 103.05)

Movie #15678, Backtrack (1990)
average rating: 2.77 in 323 reviews  |  regressing on 323 features
MSE: 0.74 		 r2: 0.06 		 time: 31.54 ... (0.66 + 30.88)

Movie #15679, Clerks: Bonus Material (1994)
average rating: 4.15 in 217 reviews  |  regressing on 217 features
MSE: 0.66 		 r2: 0.20 		 time: 13.05 ... (0.57 + 12.48)

Movie #15680, Sagwa: Feline Friends and Family (2001)
average rating: 2.96 in 95 reviews  |  regressing on 95 features
MSE: 1.26 		 r2: 0.20 		 time: 6.50 ... (0.67 + 5.83)

Movie #15681, Butch Camp (1997)
average rating: 2.47 in 439 reviews  |  regressing on 439 features
MSE: 1.40 		 r2: 0.12 		 time: 45.00 ... (0.92 + 44.08)

Movie #15682, Puff the Magic Dragon / Gulliver's Travels (2003)
average rating: 3.61 in 59 reviews  |  regressing on 59 features
MSE: 1.71 		 r2: -0.12 		 time: 3.59 ... (0.55 + 3.04)

Movie #15683, American Dreams: Season 1 (2002)
average rating: 3.80 in 950 reviews  |  regressing on 950 features
MSE: 1.36 		 r2: 0.22 		 time: 146.71 ... (0.81 + 145.90)

Movie #15684, Jeff Foxworthy's Comedy Classics (2000)
average rating: 3.59 in 593 reviews  |  regressing on 593 features
MSE: 0.84 		 r2: 0.42 		 time: 65.20 ... (0.69 + 64.51)

Movie #15685, Bye Bye Love (1995)
average rating: 3.46 in 1334 reviews  |  regressing on 1000 features
MSE: 0.49 		 r2: 0.46 		 time: 104.88 ... (0.79 + 104.09)

Movie #15686, The Heartbreak Kid (1972)
average rating: 3.07 in 922 reviews  |  regressing on 922 features
MSE: 0.76 		 r2: 0.27 		 time: 124.25 ... (0.78 + 123.47)

Movie #15687, Vampiyaz (2004)
average rating: 1.50 in 383 reviews  |  regressing on 383 features
MSE: 1.00 		 r2: 0.03 		 time: 79.13 ... (0.58 + 78.54)

Movie #15688, The Cheerleaders Collection: Revenge of the Cheerleaders (1976)
average rating: 2.19 in 212 reviews  |  regressing on 212 features
MSE: 0.92 		 r2: 0.25 		 time: 21.94 ... (0.54 + 21.40)

Movie #15689, The Best of Friends: Vol. 1 (1994)
average rating: 4.01 in 24118 reviews  |  regressing on 1000 features
MSE: 0.81 		 r2: 0.52 		 time: 75.69 ... (0.75 + 74.94)

Movie #15690, The Pallisers (1974)
average rating: 3.62 in 538 reviews  |  regressing on 538 features
MSE: 1.44 		 r2: 0.18 		 time: 59.63 ... (0.67 + 58.96)

Movie #15691, Elmo's Magic Cookbook (2001)
average rating: 3.36 in 256 reviews  |  regressing on 256 features
MSE: 1.06 		 r2: 0.44 		 time: 22.43 ... (0.64 + 21.80)

Movie #15692, Gilligan's Island: Season 3 (1966)
average rating: 3.80 in 394 reviews  |  regressing on 394 features
MSE: 0.54 		 r2: 0.63 		 time: 37.51 ... (0.78 + 36.73)

Movie #15693, In the Line of Duty 3 (1988)
average rating: 2.84 in 77 reviews  |  6 		 r2: 0.22 		 time: 19.61 ... (0.60 + 19.01)

Movie #15145, With God on Our Side: George W. Bush and the Rise of the Religious Right in America (2004)
average rating: 3.09 in 194 reviews  |  regressing on 194 features
MSE: 1.07 		 r2: 0.09 		 time: 17.15 ... (0.58 + 16.57)

Movie #15146, Beach Party / Bikini Beach (1963)
average rating: 2.80 in 529 reviews  |  regressing on 529 features
MSE: 0.85 		 r2: 0.35 		 time: 57.17 ... (0.71 + 56.47)

Movie #15147, Fellini's Roma (1972)
average rating: 3.43 in 1006 reviews  |  regressing on 1000 features
MSE: 0.55 		 r2: 0.58 		 time: 113.81 ... (0.71 + 113.10)

Movie #15148, Genshiken (2005)
average rating: 4.16 in 92 reviews  |  regressing on 92 features
MSE: 0.90 		 r2: -0.41 		 time: 5.92 ... (0.57 + 5.35)

Movie #15149, Goo Goo Dolls: Live in Buffalo (2004)
average rating: 3.51 in 118 reviews  |  regressing on 118 features
MSE: 1.10 		 r2: 0.22 		 time: 8.24 ... (0.59 + 7.65)

Movie #15150, The Brain That Wouldn't Die (1959)
average rating: 2.59 in 512 reviews  |  regressing on 512 features
MSE: 1.13 		 r2: 0.18 		 time: 59.67 ... (0.67 + 59.00)

Movie #15151, Walking Tall (2004)
average rating: 3.53 in 65948 reviews  |  regressing on 1000 features
MSE: 0.77 		 r2: 0.35 		 time: 77.14 ... (0.80 + 76.34)

Movie #15152, Punky Brewster: Season 2 (1985)
average rating: 3.90 in 762 reviews  |  regressing on 762 features
MSE: 0.70 		 r2: 0.49 		 time: 90.89 ... (0.90 + 89.99)

Movie #15153, Flashback (1990)
average rating: 2.93 in 2405 reviews  |  regressing on 1000 features
MSE: 0.79 		 r2: 0.29 		 time: 120.90 ... (0.96 + 119.93)

Movie #15154, Chill Factor (1999)
average rating: 3.12 in 4227 reviews  |  regressing on 1000 features
MSE: 0.62 		 r2: 0.50 		 time: 102.95 ... (1.21 + 101.74)

Movie #15155, Red Dwarf: Series 2 (1988)
average rating: 4.06 in 3464 reviews  |  regressing on 1000 features
MSE: 0.60 		 r2: 0.54 		 time: 105.28 ... (0.77 + 104.51)

Movie #15156, The Firm (1993)
average rating: 3.65 in 83437 reviews  |  regressing on 1000 features
MSE: 0.52 		 r2: 0.27 		 time: 87.68 ... (0.77 + 86.91)

Movie #15157, Amazing Nurse Nanako (2000)
average rating: 2.89 in 580 reviews  |  regressing on 580 features
MSE: 1.16 		 r2: 0.39 		 time: 59.58 ... (0.68 + 58.90)

Movie #15158, Driven (2001)
average rating: 2.91 in 11236 reviews  |  regressing on 1000 features
MSE: 0.88 		 r2: 0.30 		 time: 88.98 ... (0.88 + 88.10)

Movie #15159, Dragnet (1951)
average rating: 3.14 in 228 reviews  |  regressing on 228 features
MSE: 1.35 		 r2: 0.14 		 time: 23.72 ... (0.80 + 22.92)

Movie #15160, Our Man Flint (1966)
average rating: 3.37 in 3241 reviews  |  regressing on 1000 features
MSE: 0.55 		 r2: 0.41 		 time: 183.59 ... (0.74 + 182.85)

Movie #15161, Eight Crazy Nights: Bonus Material (2002)
average rating: 2.84 in 204 reviews  |  regressing on 204 features
MSE: 1.49 		 r2: 0.27 		 time: 15.52 ... (0.59 + 14.92)

Movie #15162, Rage Against the Machine: Live at the Grand Olympic Auditorium (2000)
average rating: 3.87 in 489 reviews  |  regressing on 489 features
MSE: 1.30 		 r2: 0.15 		 time: 62.67 ... (0.64 + 62.03)

Movie #15163, The Prince of Egypt (1998)
average rating: 3.69 in 16664 reviews  |  regressing on 1000 features
MSE: 0.77 		 r2: 0.20 		 time: 92.50 ... (0.75 + 91.75)

Movie #15164, The X-Files: Season 8 (2000)
average rating: 4.11 in 5976 reviews  |  regressing on 1000 features
MSE: 0.37 		 r2: 0.61 		 time: 96.86 ... (0.78 + 96.08)

Movie #15165, 100 Women (2002)
average rating: 3.16 in 767 reviews  |  regressing on 767 features
MSE: 1.01 		 r2: 0.24 		 time: 82.89 ... (0.70 + 82.19)

Movie #15166, Descent (2005)
average rating: 2.47 in 482 reviews  |  regressing on 482 features
MSE: 0.92 		 r2: 0.03 		 time: 48.65 ... (0.57 + 48.08)

Movie #15167, Raincoat (2005)
average rating: 3.09 in 388 reviews  |  regressing on 388 features
MSE: 1.37 		 r2: 0.06 		 time: 30.89 ... (0.66 + 30.22)

Movie #15168, Neil Young: Silver & Gold (1999)
average rating: 3.43 in 318 reviews  |  regressing on 318 features
MSE: 1.07 		 r2: 0.22 		 time: 31.84 ... (0.61 + 31.23)

Movie #15169, One Little Indian (1973)
average rating: 2.93 in 105 reviews  |  regressing on 105 features
MSE: 0.76 		 r2: 0.11 		 time: 8.18 ... (0.58 + 7.60)

Movie #15170, The Fluffer (2001)
average rating: 2.80 in 2904 reviews  |  regressing on 1000 features
MSE: 0.85 		 r2: 0.35 		 time: 123.94 ... (0.71 + 123.24)

Movie #15171, Wes Craven's New Nightmare (1994)
average rating: 3.31 in 6445 reviews  |  regressing on 1000 features
MSE: 0.71 		 r2: 0.48 		 time: 112.28 ... (0.79 + 111.49)

Movie #15172, Britney Spears: Star Baby Scrapbook (1999)
average rating: 2.10 in 91 reviews  |  regressing on 91 features
MSE: 1.99 		 r2: 0.22 		 time: 7.12 ... (0.60 + 6.52)

Movie #15173, 10 Minute Solution: Target Toning for Beginners (2004)
average rating: 2.94 in 170 reviews  |  regressing on 170 features
MSE: 1.14 		 r2: 0.11 		 time: 12.03 ... (0.55 + 11.49)

Movie #15174, The Beast from 20 (1953)
average rating: 3.52 in 836 reviews  |  regressing on 836 features
MSE: 0.71 		 r2: 0.36 		 time: 114.40 ... (0.83 + 113.57)

Movie #15175, Asylum of Satan / Satan's Children (1971)
average rating: 2.07 in 132 reviews  |  regressing on 132 features
MSE: 0.63 		 r2: 0.37 		 time: 13.68 ... (0.54 + 13.14)

Movie #15176, Joint Security Area (2002)
average rating: 3.49 in 1070 reviews  |  regressing on 1000 features
MSE: 0.61 		 r2: 0.50 		 time: 131.96 ... (0.71 + 131.25)

Movie #15177, A Nightmare on Elm Street 4: The Dream Master (1988)
average rating: 3.19 in 10515 reviews  |  regressing on 1000 features
MSE: 0.73 		 r2: 0.50 		 time: 101.58 ... (0.78 + 100.80)

Movie #15178, Starkweather (2004)
average rating: 2.41 in 122 reviews  |  regressing on 122 features
MSE: 1.11 		 r2: -0.14 		 time: 9.94 ... (0.55 + 9.38)

Movie #15179, Road Games (1981)
average rating: 2.87 in 131 reviews  |  regressing on 131 features
MSE: 1.12 		 r2: 0.07 		 time: 13.12 ... (0.54 + 12.59)

Movie #15180, Suckers (1999)
average rating: 3.31 in 248 reviews  |  regressing on 248 features
MSE: 1.00 		 r2: 0.13 		 time: 23.03 ... (0.57 + 22.46)

Movie #15181, Slums of Beverly Hills (1998)
average rating: 3.33 in 13078 reviews  |  regressing on 1000 features
MSE: 0.77 		 r2: 0.20 		 time: 105.21 ... (0.86 + 104.35)

Movie #15182, Saving Silverman (2001)
average rating: 3.19 in 27165 reviews  |  regressing on 1000 features
MSE: 0.68 		 r2: 0.34 		 time: 89.29 ... (0.79 + 88.50)

Movie #15183, MASH: Season 4 (1975)
average rating: 4.22 in 6137 reviews  |  regressing on 1000 features
MSE: 0.40 		 r2: 0.59 		 time: 108.62 ... (0.73 + 107.89)

Movie #15184, Angelic Layer (2003)
average rating: 4.02 in 494 reviews  |  regressing on 494 features
MSE: 0.95 		 r2: 0.26 		 time: 51.40 ... (0.60 + 50.80)

Movie #15185, Crutch (2004)
average rating: 2.47 in 190 reviews  |  regressing on 190 features
MSE: 0.90 		 r2: 0.34 		 time: 15.00 ... (0.60 + 14.39)

Movie #15186, Gummo (1997)
average rating: 3.05 in 3284 reviews  |  regressing on 1000 features
MSE: 1.09 		 r2: 0.46 		 time: 99.72 ... (0.71 + 99.01)

Movie #15187, The Work of Director Jonathan Glazer (2005)
average rating: 3.56 in 100 reviews  |  regressing on 100 features
MSE: 0.84 		 r2: 0.36 		 time: 7.09 ... (0.62 + 6.47)

Movie #15188, Childstar (2005)
average rating: 2.33 in 245 reviews  |  regressing on 245 features
MSE: 0.61 		 r2: 0.04 		 time: 21.60 ... (0.56 + 21.04)

Movie #15189, The Outer Limits: The New Series: Fantastic Androids & Robots (1995)
average rating: 3.47 in 218 reviews  |  regressing on 218 features
MSE: 0.79 		 r2: 0.39 		 time: 19.86 ... (0.65 + 19.21)

Movie #15190, The Sid Caesar Collection: Inside the Writer's Room (2000)
average rating: 2.97 in 223 reviews  |  regressing on 223 features
MSE: 1.29 		 r2: 0.11 		 time: 18.32 ... (0.57 + 17.75)

Movie #15191, Figure 17 (2003)
average rating: 3.69 in 199 reviews  |  regressing on 199 features
MSE: 1.32 		 r2: 0.24 		 time: 15.77 ... (0.68 + 15.09)

Movie #15192, Nature: Reptiles: Snakes and Lizards (1982)
average rating: 3.32 in 166 reviews  |  regressing on 166 features
MSE: 0.64 		 r2: 0.56 		 time: 11.48 ... (0.60 + 10.88)

Movie #15193, Steambregressing on 77 features
MSE: 0.93 		 r2: 0.31 		 time: 5.82 ... (0.59 + 5.23)

Movie #15694, Steely Dan: Two Against Nature (2000)
average rating: 3.58 in 657 reviews  |  regressing on 657 features
MSE: 1.30 		 r2: 0.23 		 time: 88.16 ... (0.68 + 87.48)

Movie #15695, Shamus (1973)
average rating: 2.56 in 88 reviews  |  regressing on 88 features
MSE: 0.61 		 r2: 0.41 		 time: 7.19 ... (0.63 + 6.56)

Movie #15696, Demetrius and the Gladiators (1954)
average rating: 3.24 in 647 reviews  |  regressing on 647 features
MSE: 0.87 		 r2: 0.28 		 time: 82.37 ... (0.68 + 81.69)

Movie #15697, Future War (1997)
average rating: 1.74 in 119 reviews  |  regressing on 119 features
MSE: 1.14 		 r2: 0.05 		 time: 10.90 ... (0.53 + 10.37)

Movie #15698, Fair Game (1995)
average rating: 2.29 in 2180 reviews  |  regressing on 1000 features
MSE: 0.46 		 r2: 0.60 		 time: 109.33 ... (0.84 + 108.49)

Movie #15699, Star Trek: Voyager: Season 2 (1995)
average rating: 3.98 in 5213 reviews  |  regressing on 1000 features
MSE: 0.38 		 r2: 0.74 		 time: 99.36 ... (0.79 + 98.57)

Movie #15700, The Land Before Time (1988)
average rating: 3.79 in 14888 reviews  |  regressing on 1000 features
MSE: 0.63 		 r2: 0.34 		 time: 99.90 ... (0.73 + 99.17)

Movie #15701, Dark Shadows: Vol. 2 (1967)
average rating: 3.67 in 588 reviews  |  regressing on 588 features
MSE: 0.53 		 r2: 0.63 		 time: 73.27 ... (0.65 + 72.62)

Movie #15702, Close Encounters of the Third Kind (1977)
average rating: 3.90 in 51915 reviews  |  regressing on 1000 features
MSE: 0.71 		 r2: 0.08 		 time: 93.81 ... (0.82 + 92.98)

Movie #15703, Buffalo Girls (1995)
average rating: 3.04 in 448 reviews  |  regressing on 448 features
MSE: 0.86 		 r2: 0.13 		 time: 52.63 ... (0.63 + 52.00)

Movie #15704, Janice Beard: 45 WPM (2003)
average rating: 2.84 in 209 reviews  |  regressing on 209 features
MSE: 0.59 		 r2: 0.18 		 time: 16.32 ... (0.62 + 15.70)

Movie #15705, Persuasion (1971)
average rating: 3.16 in 179 reviews  |  regressing on 179 features
MSE: 1.20 		 r2: -0.12 		 time: 15.44 ... (0.54 + 14.91)

Movie #15706, Going Overboard (1989)
average rating: 1.84 in 737 reviews  |  regressing on 737 features
MSE: 0.79 		 r2: 0.22 		 time: 183.25 ... (0.84 + 182.41)

Movie #15707, The Debut (2000)
average rating: 3.13 in 1216 reviews  |  regressing on 1000 features
MSE: 0.69 		 r2: 0.47 		 time: 127.84 ... (0.81 + 127.03)

Movie #15708, Garfield: Travel Adventures (2005)
average rating: 3.76 in 325 reviews  |  regressing on 325 features
MSE: 0.71 		 r2: 0.56 		 time: 28.72 ... (0.62 + 28.10)

Movie #15709, National Geographic: The Search for Kennedy's PT 109 (2002)
average rating: 2.95 in 136 reviews  |  regressing on 136 features
MSE: 0.99 		 r2: 0.27 		 time: 10.32 ... (0.58 + 9.74)

Movie #15710, Lassie (1994)
average rating: 3.53 in 1583 reviews  |  regressing on 1000 features
MSE: 0.52 		 r2: 0.55 		 time: 114.52 ... (0.78 + 113.74)

Movie #15711, Failan (2001)
average rating: 3.23 in 400 reviews  |  regressing on 400 features
MSE: 1.14 		 r2: 0.19 		 time: 43.69 ... (0.66 + 43.03)

Movie #15712, Cradle 2 the Grave (2003)
average rating: 3.23 in 24389 reviews  |  regressing on 1000 features
MSE: 0.67 		 r2: 0.39 		 time: 93.97 ... (0.80 + 93.16)

Movie #15713, Monsieur Beaucaire / Where There's Life: Double Feature (1946)
average rating: 3.17 in 156 reviews  |  regressing on 156 features
MSE: 1.06 		 r2: 0.30 		 time: 13.82 ... (0.58 + 13.24)

Movie #15714, Wild Zero (1999)
average rating: 3.64 in 308 reviews  |  regressing on 308 features
MSE: 1.74 		 r2: -0.04 		 time: 26.17 ... (0.57 + 25.60)

Movie #15715, Real Women Have Curves (2002)
average rating: 3.52 in 35873 reviews  |  regressing on 1000 features
MSE: 0.80 		 r2: 0.10 		 time: 99.06 ... (0.76 + 98.30)

Movie #15716, Three's Company: Season 2 (1977)
average rating: 3.75 in 1724 reviews  |  regressing on 1000 features
MSE: 0.33 		 r2: 0.76 		 time: 120.32 ... (0.81 + 119.51)

Movie #15717, Elizabeth R (1971)
average rating: 3.88 in 1712 reviews  |  regressing on 1000 features
MSE: 0.63 		 r2: 0.50 		 time: 163.90 ... (0.82 + 163.oat Bill (1928)
average rating: 3.71 in 1618 reviews  |  regressing on 1000 features
MSE: 0.48 		 r2: 0.69 		 time: 106.57 ... (0.82 + 105.75)

Movie #15194, Killer Bud (2001)
average rating: 2.27 in 135 reviews  |  regressing on 135 features
MSE: 1.22 		 r2: 0.21 		 time: 9.77 ... (0.55 + 9.21)

Movie #15195, Dragon Ball Z: Great Saiyaman: Gohan's Secret (1999)
average rating: 3.90 in 463 reviews  |  regressing on 463 features
MSE: 0.63 		 r2: 0.68 		 time: 39.99 ... (0.61 + 39.38)

Movie #15196, The Pennsylvania Miners' Story (2002)
average rating: 3.08 in 219 reviews  |  regressing on 219 features
MSE: 1.24 		 r2: 0.10 		 time: 22.21 ... (0.70 + 21.50)

Movie #15197, Danielle Steel's Once in a Lifetime (1994)
average rating: 3.64 in 36 reviews  |  regressing on 36 features
MSE: 1.72 		 r2: -0.27 		 time: 2.09 ... (0.51 + 1.57)

Movie #15198, Why Dogs Smile and Chimpanzees Cry (1999)
average rating: 3.76 in 1379 reviews  |  regressing on 1000 features
MSE: 0.58 		 r2: 0.39 		 time: 141.27 ... (0.87 + 140.40)

Movie #15199, Wild Side (2004)
average rating: 2.13 in 63 reviews  |  regressing on 63 features
MSE: 1.32 		 r2: 0.09 		 time: 3.69 ... (0.53 + 3.16)

Movie #15200, The Quick and the Dead (1995)
average rating: 3.16 in 9491 reviews  |  regressing on 1000 features
MSE: 0.82 		 r2: 0.18 		 time: 121.37 ... (0.78 + 120.59)

Movie #15201, The Atomic Cafe (1982)
average rating: 3.66 in 1267 reviews  |  regressing on 1000 features
MSE: 0.57 		 r2: 0.45 		 time: 147.86 ... (0.75 + 147.11)

Movie #15202, Kill! (1969)
average rating: 3.28 in 50 reviews  |  regressing on 50 features
MSE: 0.97 		 r2: 0.52 		 time: 3.14 ... (0.54 + 2.60)

Movie #15203, Point of Origin (2002)
average rating: 2.81 in 616 reviews  |  regressing on 616 features
MSE: 0.72 		 r2: 0.18 		 time: 99.54 ... (0.66 + 98.88)

Movie #15204, North Shore (1987)
average rating: 3.43 in 976 reviews  |  regressing on 976 features
MSE: 0.93 		 r2: 0.26 		 time: 120.90 ... (0.92 + 119.97)

Movie #15205, The Day After Tomorrow (2004)
average rating: 3.44 in 196397 reviews  |  regressing on 1000 features
MSE: 0.82 		 r2: 0.29 		 time: 75.95 ... (0.76 + 75.20)

Movie #15206, Outlaw Star: Vol. 3 (2000)
average rating: 4.17 in 1933 reviews  |  regressing on 1000 features
MSE: 0.43 		 r2: 0.61 		 time: 94.53 ... (0.74 + 93.80)

Movie #15207, Sidney Poitier: One Bright Light (1999)
average rating: 3.67 in 217 reviews  |  regressing on 217 features
MSE: 1.16 		 r2: 0.00 		 time: 20.23 ... (0.71 + 19.52)

Movie #15208, Chop Socky: Cinema Hong Kong (2004)
average rating: 3.01 in 111 reviews  |  regressing on 111 features
MSE: 0.78 		 r2: 0.20 		 time: 8.69 ... (0.56 + 8.13)

Movie #15209, Dazed and Confused (1993)
average rating: 3.90 in 34797 reviews  |  regressing on 1000 features
MSE: 0.79 		 r2: 0.17 		 time: 93.11 ... (0.81 + 92.30)

Movie #15210, A.M. and P.M. Yoga (2002)
average rating: 3.13 in 205 reviews  |  regressing on 205 features
MSE: 1.92 		 r2: -0.19 		 time: 15.33 ... (0.55 + 14.78)

Movie #15211, The Filth and the Fury: A Sex Pistols Film (2000)
average rating: 3.54 in 3222 reviews  |  regressing on 1000 features
MSE: 0.77 		 r2: 0.44 		 time: 128.98 ... (0.74 + 128.24)

Movie #15212, Sasquatch (2003)
average rating: 2.28 in 332 reviews  |  regressing on 332 features
MSE: 0.88 		 r2: -0.16 		 time: 39.25 ... (0.58 + 38.66)

Movie #15213, Sonic the Hedgehog: The Movie (1999)
average rating: 3.21 in 437 reviews  |  regressing on 437 features
MSE: 1.56 		 r2: 0.25 		 time: 39.26 ... (0.62 + 38.64)

Movie #15214, Il Posto (1961)
average rating: 3.54 in 304 reviews  |  regressing on 304 features
MSE: 0.90 		 r2: 0.30 		 time: 26.90 ... (0.90 + 26.00)

Movie #15215, Pollyanna (2003)
average rating: 3.70 in 413 reviews  |  regressing on 413 features
MSE: 0.96 		 r2: 0.27 		 time: 44.33 ... (0.62 + 43.72)

Movie #15216, Circus (2000)
average rating: 2.82 in 1182 reviews  |  regressing on 1000 features
MSE: 0.68 		 r2: 0.48 		 time: 135.79 ... (0.87 + 134.92)

Movie #15217, Baki the Grappler (2005)
average rating: 4.28 in 80 reviews  |  regressing on 80 features
M07)

Movie #15718, Desperate Living (1977)
average rating: 3.23 in 1585 reviews  |  regressing on 1000 features
MSE: 0.64 		 r2: 0.60 		 time: 110.37 ... (0.91 + 109.47)

Movie #15719, The Rocking Horse Winner (1950)
average rating: 3.04 in 236 reviews  |  regressing on 236 features
MSE: 0.56 		 r2: 0.42 		 time: 21.80 ... (0.57 + 21.23)

Movie #15720, Barbie of Swan Lake (2003)
average rating: 3.59 in 2330 reviews  |  regressing on 1000 features
MSE: 0.62 		 r2: 0.47 		 time: 99.65 ... (0.79 + 98.86)

Movie #15721, Krav Maga: Basic Combatives (2004)
average rating: 2.95 in 118 reviews  |  regressing on 118 features
MSE: 1.17 		 r2: -0.11 		 time: 7.59 ... (0.54 + 7.05)

Movie #15722, Claudine (1974)
average rating: 3.72 in 904 reviews  |  regressing on 904 features
MSE: 0.90 		 r2: 0.44 		 time: 119.07 ... (0.85 + 118.21)

Movie #15723, Q: The Winged Serpent (1982)
average rating: 2.70 in 492 reviews  |  regressing on 492 features
MSE: 0.81 		 r2: 0.30 		 time: 71.82 ... (0.65 + 71.17)

Movie #15724, Rio Grande (1950)
average rating: 3.70 in 3134 reviews  |  regressing on 1000 features
MSE: 0.51 		 r2: 0.40 		 time: 117.02 ... (0.77 + 116.24)

Movie #15725, Take This Job and Shove It (1981)
average rating: 3.09 in 139 reviews  |  regressing on 139 features
MSE: 1.16 		 r2: 0.31 		 time: 11.65 ... (0.72 + 10.93)

Movie #15726, Jane's Addiction: Three Days (1999)
average rating: 3.08 in 244 reviews  |  regressing on 244 features
MSE: 1.16 		 r2: 0.02 		 time: 22.53 ... (0.73 + 21.80)

Movie #15727, Star Trek: Deep Space Nine: Season 7 (1998)
average rating: 4.16 in 4534 reviews  |  regressing on 1000 features
MSE: 0.47 		 r2: 0.58 		 time: 105.98 ... (0.71 + 105.27)

Movie #15728, Dead Creatures (2000)
average rating: 1.75 in 139 reviews  |  regressing on 139 features
MSE: 0.77 		 r2: -0.44 		 time: 12.61 ... (0.82 + 11.79)

Movie #15729, The Twilight Zone: Vol. 7 (1961)
average rating: 4.11 in 2672 reviews  |  regressing on 1000 features
MSE: 0.28 		 r2: 0.76 		 time: 119.03 ... (0.75 + 118.28)

Movie #15730, The Peacemaker (1997)
average rating: 3.25 in 14045 reviews  |  regressing on 1000 features
MSE: 0.51 		 r2: 0.31 		 time: 91.77 ... (0.90 + 90.87)

Movie #15731, Roxy Music: Live at the Apollo (2002)
average rating: 3.50 in 206 reviews  |  regressing on 206 features
MSE: 1.36 		 r2: 0.27 		 time: 17.61 ... (0.56 + 17.05)

Movie #15732, Scooby-Doo! Winter Wonder Dog (2002)
average rating: 3.86 in 1639 reviews  |  regressing on 1000 features
MSE: 0.49 		 r2: 0.49 		 time: 120.42 ... (0.81 + 119.62)

Movie #15733, Welcome to the Dollhouse (1996)
average rating: 3.63 in 22973 reviews  |  regressing on 1000 features
MSE: 0.72 		 r2: 0.30 		 time: 88.55 ... (1.19 + 87.36)

Movie #15734, Six Ways to Sunday (1997)
average rating: 2.79 in 319 reviews  |  regressing on 319 features
MSE: 1.14 		 r2: 0.11 		 time: 27.54 ... (0.60 + 26.93)

Movie #15735, Poirot: Murder on the Links (1995)
average rating: 4.00 in 1794 reviews  |  regressing on 1000 features
MSE: 0.52 		 r2: 0.59 		 time: 121.79 ... (0.93 + 120.86)

Movie #15736, Raising Victor Vargas (2003)
average rating: 3.30 in 9627 reviews  |  regressing on 1000 features
MSE: 0.96 		 r2: 0.22 		 time: 89.84 ... (0.83 + 89.01)

Movie #15737, Dario Argento Collection: Vol. 3: Tenebre (1982)
average rating: 3.30 in 488 reviews  |  regressing on 488 features
MSE: 0.72 		 r2: 0.50 		 time: 47.97 ... (0.65 + 47.31)

Movie #15738, Silent Fall (1994)
average rating: 3.24 in 723 reviews  |  regressing on 723 features
MSE: 0.86 		 r2: 0.21 		 time: 90.63 ... (0.71 + 89.93)

Movie #15739, I Am David (2004)
average rating: 3.78 in 5389 reviews  |  regressing on 1000 features
MSE: 0.70 		 r2: 0.11 		 time: 136.27 ... (0.72 + 135.55)

Movie #15740, Paul Westerberg: Come Feel Me Tremble (2003)
average rating: 3.33 in 117 reviews  |  regressing on 117 features
MSE: 1.06 		 r2: -0.03 		 time: 7.13 ... (0.62 + 6.52)

Movie #15741, Burglar (1987)
average rating: 2.88 in 3201 reviews  |  regressing on 1000 features
MSE: 0.74 		 r2: 0.50 		 time: 105.43 ... (0.81 + 104.62)

Movie #15742, Four foSE: 1.16 		 r2: -0.18 		 time: 4.28 ... (0.71 + 3.57)

Movie #15218, Bear in the Big Blue House: Shapes (1998)
average rating: 3.29 in 755 reviews  |  regressing on 755 features
MSE: 0.96 		 r2: 0.40 		 time: 96.79 ... (0.85 + 95.95)

Movie #15219, Walking Tall: Part II (1975)
average rating: 3.38 in 1438 reviews  |  regressing on 1000 features
MSE: 0.34 		 r2: 0.74 		 time: 113.90 ... (0.78 + 113.12)

Movie #15220, The Cliburn: Playing on the Edge (2001)
average rating: 3.92 in 503 reviews  |  regressing on 503 features
MSE: 0.79 		 r2: 0.46 		 time: 59.25 ... (0.63 + 58.62)

Movie #15221, The Third Wheel (2002)
average rating: 2.94 in 1170 reviews  |  regressing on 1000 features
MSE: 0.64 		 r2: 0.35 		 time: 125.44 ... (0.71 + 124.73)

Movie #15222, The Guyver (1986)
average rating: 3.51 in 340 reviews  |  regressing on 340 features
MSE: 1.19 		 r2: 0.24 		 time: 33.87 ... (0.57 + 33.30)

Movie #15223, Osmosis Jones (2001)
average rating: 3.02 in 9076 reviews  |  regressing on 1000 features
MSE: 0.65 		 r2: 0.29 		 time: 120.17 ... (0.76 + 119.40)

Movie #15224, Screwed (2000)
average rating: 2.98 in 2438 reviews  |  regressing on 1000 features
MSE: 0.66 		 r2: 0.49 		 time: 107.89 ... (0.80 + 107.09)

Movie #15225, Curious George Rides a Bike (2004)
average rating: 2.68 in 82 reviews  |  regressing on 82 features
MSE: 1.03 		 r2: 0.14 		 time: 6.06 ... (0.62 + 5.43)

Movie #15226, Sopranos Unauthorized: Shooting Sites Uncovered (2002)
average rating: 1.94 in 1104 reviews  |  regressing on 1000 features
MSE: 0.70 		 r2: 0.47 		 time: 231.73 ... (0.73 + 231.00)

Movie #15227, A Paradise Under the Stars (1999)
average rating: 2.46 in 107 reviews  |  regressing on 107 features
MSE: 0.81 		 r2: 0.01 		 time: 6.34 ... (0.54 + 5.80)

Movie #15228, House Calls (1978)
average rating: 3.16 in 178 reviews  |  regressing on 178 features
MSE: 0.95 		 r2: 0.13 		 time: 14.88 ... (0.59 + 14.28)

Movie #15229, All Creatures Great and Small: Series 2 (1979)
average rating: 4.14 in 1575 reviews  |  regressing on 1000 features
MSE: 0.27 		 r2: 0.69 		 time: 115.35 ... (0.73 + 114.63)

Movie #15230, The Ultimate Beginner Series: Electric Guitar Basics (1994)
average rating: 2.79 in 119 reviews  |  regressing on 119 features
MSE: 0.96 		 r2: 0.15 		 time: 7.53 ... (0.56 + 6.97)

Movie #15231, Ruth Rendell: Road Rage (1998)
average rating: 3.28 in 204 reviews  |  regressing on 204 features
MSE: 0.71 		 r2: 0.24 		 time: 15.05 ... (0.56 + 14.49)

Movie #15232, Gokusen (2004)
average rating: 3.73 in 155 reviews  |  regressing on 155 features
MSE: 1.02 		 r2: 0.24 		 time: 11.19 ... (0.54 + 10.65)

Movie #15233, Zoolander (2001)
average rating: 3.21 in 50870 reviews  |  regressing on 1000 features
MSE: 1.31 		 r2: 0.08 		 time: 81.13 ... (0.81 + 80.32)

Movie #15234, Red Planet (2000)
average rating: 3.07 in 20445 reviews  |  regressing on 1000 features
MSE: 0.62 		 r2: 0.35 		 time: 100.88 ... (0.83 + 100.05)

Movie #15235, Fellini: I'm a Born Liar (2003)
average rating: 3.04 in 519 reviews  |  regressing on 519 features
MSE: 1.04 		 r2: 0.05 		 time: 64.09 ... (0.61 + 63.48)

Movie #15236, The Magnificent Ambersons (2002)
average rating: 2.80 in 530 reviews  |  regressing on 530 features
MSE: 0.81 		 r2: 0.07 		 time: 276.45 ... (0.71 + 275.74)

Movie #15237, The Forsaken (2001)
average rating: 3.00 in 3253 reviews  |  regressing on 1000 features
MSE: 0.55 		 r2: 0.46 		 time: 122.72 ... (0.83 + 121.89)

Movie #15238, Ishq (1998)
average rating: 2.91 in 211 reviews  |  regressing on 211 features
MSE: 1.51 		 r2: -0.05 		 time: 17.34 ... (0.58 + 16.76)

Movie #15239, Autumn Sonata (1978)
average rating: 3.75 in 1191 reviews  |  regressing on 1000 features
MSE: 0.71 		 r2: 0.39 		 time: 158.24 ... (0.77 + 157.46)

Movie #15240, The Naughty Stewardesses (1975)
average rating: 1.92 in 118 reviews  |  regressing on 118 features
MSE: 0.81 		 r2: -0.04 		 time: 9.61 ... (0.56 + 9.05)

Movie #15241, Kiss Them for Me (1957)
average rating: 3.02 in 322 reviews  |  regressing on 322 features
MSE: 0.79 		 r2: 0.11 		 time: 36.73 ... (0.91 + 35.82)

MoTraceback (most recent call last):
  File "linear_regression.py", line 267, in <module>
    p.join()
  File "/usr/local/Cellar/python/2.7.13/Frameworks/Python.framework/Versions/2.7/lib/python2.7/multiprocessing/process.py", line 145, in join
    res = self._popen.wait(timeout)
  File "/usr/local/Cellar/python/2.7.13/Frameworks/Python.framework/Versions/2.7/lib/python2.7/multiprocessing/forking.py", line 154, in wait
    return self.poll(0)
  File "/usr/local/Cellar/python/2.7.13/Frameworks/Python.framework/Versions/2.7/lib/python2.7/multiprocessing/forking.py", line 135, in poll
    pid, sts = os.waitpid(self.pid, flag)
KeyboardInterrupt
Process Process-3:
Traceback (most recent call last):
  File "/usr/local/Cellar/python/2.7.13/Frameworks/Python.framework/Versions/2.7/lib/python2.7/multiprocessing/process.py", line 258, in _bootstrap
    self.run()
  File "/usr/local/Cellar/python/2.7.13/Frameworks/Python.framework/Versions/2.7/lib/python2.7/multiprocessing/process.py", line 114, in run
    self._target(*self._args, **self._kwargs)
  File "linear_regression.py", line 208, in run_regression
    regr.fit(X_train, y_train)
  File "/usr/local/lib/python2.7/site-packages/sklearn/ensemble/forest.py", line 327, in fit
    for i, t in enumerate(trees))
  File "/usr/local/lib/python2.7/site-packages/sklearn/externals/joblib/parallel.py", line 758, in __call__
    while self.dispatch_one_batch(iterator):
  File "/usr/local/lib/python2.7/site-packages/sklearn/externals/joblib/parallel.py", line 608, in dispatch_one_batch
    self._dispatch(tasks)
  File "/usr/local/lib/python2.7/site-packages/sklearn/externals/joblib/parallel.py", line 571, in _dispatch
    job = self._backend.apply_async(batch, callback=cb)
  File "/usr/local/lib/python2.7/site-packages/sklearn/externals/joblib/_parallel_backends.py", line 109, in apply_async
    result = ImmediateResult(func)
  File "/usr/local/lib/python2.7/site-packages/sklearn/externals/joblib/_parallel_backends.py", line 326, in __init__
    self.results = batch()
  File "/usr/local/lib/python2.7/site-packages/sklearn/externals/joblib/parallel.py", line 131, in __call__
    return [func(*args, **kwargs) for func, args, kwargs in self.items]
  File "/usr/local/lib/python2.7/site-packages/sklearn/ensemble/forest.py", line 120, in _parallel_build_trees
    tree.fit(X, y, sample_weight=curr_sample_weight, check_input=False)
  File "/usr/local/lib/python2.7/site-packages/sklearn/tree/tree.py", line 1021, in fit
    X_idx_sorted=X_idx_sorted)
  File "/usr/local/lib/python2.7/site-packages/sklearn/tree/tree.py", line 343, in fit
    builder.build(self.tree_, X, y, sample_weight, X_idx_sorted)
KeyboardInterrupt
r Texas (1963)
average rating: 3.05 in 551 reviews  |  regressing on 551 features
MSE: 0.59 		 r2: 0.42 		 time: 68.79 ... (0.82 + 67.98)

Movie #15743, Jefferson in Paris (1995)
average rating: 2.79 in 678 reviews  |  regressing on 678 features
MSE: 0.74 		 r2: 0.10 		 time: 92.25 ... (0.76 + 91.49)

Movie #15744, The Indian Fighter (1955)
average rating: 2.80 in 125 reviews  |  regressing on 125 features
MSE: 0.72 		 r2: 0.14 		 time: 11.90 ... (0.60 + 11.29)

Movie #15745, The King and I (Animated) (1999)
average rating: 3.15 in 1071 reviews  |  regressing on 1000 features
MSE: 0.58 		 r2: 0.60 		 time: 119.98 ... (0.78 + 119.19)

Movie #15746, Vandread: Second Stage (2001)
average rating: 4.06 in 630 reviews  |  regressing on 630 features
MSE: 0.88 		 r2: 0.53 		 time: 62.79 ... (0.74 + 62.05)

Movie #15747, Mr. Death: The Rise and Fall of Fred A. Leuchter Jr. (1999)
average rating: 3.48 in 2630 reviews  |  regressing on 1000 features
MSE: 0.64 		 r2: 0.49 		 time: 119.17 ... (0.82 + 118.35)

Movie #15748, Bulworth (1998)
average rating: 3.12 in 13541 reviews  |  regressing on 1000 features
MSE: 0.85 		 r2: 0.16 		 time: 94.91 ... (0.80 + 94.10)

Movie #15749, Slumber Party Massacre (1982)
average rating: 2.86 in 920 reviews  |  regressing on 920 features
MSE: 0.96 		 r2: 0.32 		 time: 312.63 ... (0.81 + 311.81)

Movie #15750, FahrenHYPE 9/11 (2004)
average rating: 3.39 in 3602 reviews  |  regressing on 1000 features
MSE: 1.30 		 r2: 0.34 		 time: 124.46 ... (1.09 + 123.37)

Movie #15751, Style Wars (1983)
average rating: 3.87 in 825 reviews  |  regressing on 825 features
MSE: 0.96 		 r2: 0.18 		 time: 104.01 ... (0.69 + 103.32)

Movie #15752, Tom Green: Subway Monkey Hour (2002)
average rating: 3.08 in 615 reviews  |  regressing on 615 features
MSE: 1.27 		 r2: 0.39 		 time: 71.28 ... (0.97 + 70.31)

Movie #15753, Annie Get Your Gun (1950)
average rating: 3.29 in 4498 reviews  |  regressing on 1000 features
MSE: 0.62 		 r2: 0.42 		 time: 115.82 ... (0.84 + 114.98)

Movie #15754, Breaking Up (1997)
average rating: 2.35 in 489 reviews  |  regressing on 489 features
MSE: 1.16 		 r2: -0.06 		 time: 60.16 ... (0.69 + 59.46)

Movie #15755, Big (1988)
average rating: 3.89 in 114043 reviews  |  regressing on 1000 features
MSE: 0.64 		 r2: 0.16 		 time: 94.92 ... (1.03 + 93.88)

Movie #15756, Pride (2004)
average rating: 3.09 in 172 reviews  |  regressing on 172 features
MSE: 1.08 		 r2: 0.21 		 time: 13.34 ... (0.68 + 12.66)

Movie #15757, Temptress Moon (1996)
average rating: 3.06 in 1183 reviews  |  regressing on 1000 features
MSE: 0.38 		 r2: 0.63 		 time: 132.77 ... (0.80 + 131.96)

Movie #15758, Amadeus (1984)
average rating: 4.07 in 58576 reviews  |  regressing on 1000 features
MSE: 0.66 		 r2: 0.14 		 time: 119.46 ... (1.02 + 118.45)

Movie #15759, Cabin Boy (1994)
average rating: 2.75 in 2473 reviews  |  regressing on 1000 features
MSE: 0.86 		 r2: 0.42 		 time: 121.38 ... (0.81 + 120.57)

Movie #15760, 100 Years of Horror (1996)
average rating: 2.67 in 239 reviews  |  regressing on 239 features
Error in atexit._run_exitfuncs:
Traceback (most recent call last):
  File "/usr/local/Cellar/python/2.7.13/Frameworks/Python.framework/Versions/2.7/lib/python2.7/atexit.py", line 24, in _run_exitfuncs
    func(*targs, **kargs)
  File "/usr/local/Cellar/python/2.7.13/Frameworks/Python.framework/Versions/2.7/lib/python2.7/multiprocessing/util.py", line 325, in _exit_function
    p.join()
  File "/usr/local/Cellar/python/2.7.13/Frameworks/Python.framework/Versions/2.7/lib/python2.7/multiprocessing/process.py", line 145, in join
    res = self._popen.wait(timeout)
  File "/usr/local/Cellar/python/2.7.13/Frameworks/Python.framework/Versions/2.7/lib/python2.7/multiprocessing/forking.py", line 154, in wait
    return self.poll(0)
  File "/usr/local/Cellar/python/2.7.13/Frameworks/Python.framework/Versions/2.7/lib/python2.7/multiprocessing/forking.py", line 135, in poll
    pid, sts = os.waitpid(self.pid, flag)
KeyboardInterrupt
Error in sys.exitfunc:
Traceback (most recent call last):
  File "/usr/local/Cellar/python/2.7.13/Frameworks/Python.framework/Versions/2.7/lib/python2.7/atexit.py", line 24, in _run_exitfuncs
    func(*targs, **kargs)
  File "/usr/local/Cellar/python/2.7.13/Frameworks/Python.framework/Versions/2.7/lib/python2.7/multiprocessing/util.py", line 325, in _exit_function
    p.join()
  File "/usr/local/Cellar/python/2.7.13/Frameworks/Python.framework/Versions/2.7/lib/python2.7/multiprocessing/process.py", line 145, in join
    res = self._popen.wait(timeout)
  File "/usr/local/Cellar/python/2.7.13/Frameworks/Python.framework/Versions/2.7/lib/python2.7/multiprocessing/forking.py", line 154, in wait
    return self.poll(0)
  File "/usr/local/Cellar/python/2.7.13/Frameworks/Python.framework/Versions/2.7/lib/python2.7/multiprocessing/forking.py", line 135, in poll
    pid, sts = os.waitpid(self.pid, flag)
KeyboardInterrupt
Process Process-2:
Traceback (most recent call last):
  File "/usr/local/Cellar/python/2.7.13/Frameworks/Python.framework/Versions/2.7/lib/python2.7/multiprocessing/process.py", line 258, in _bootstrap
    self.run()
  File "/usr/local/Cellar/python/2.7.13/Frameworks/Python.framework/Versions/2.7/lib/python2.7/multiprocessing/process.py", line 114, in run
    self._target(*self._args, **self._kwargs)
  File "linear_regression.py", line 208, in run_regression
    regr.fit(X_train, y_train)
  File "/usr/local/lib/python2.7/site-packages/sklearn/ensemble/forest.py", line 327, in fit
    for i, t in enumerate(trees))
  File "/usr/local/lib/python2.7/site-packages/sklearn/externals/joblib/parallel.py", line 758, in __call__
    while self.dispatch_one_batch(iterator):
  File "/usr/local/lib/python2.7/site-packages/sklearn/externals/joblib/parallel.py", line 608, in dispatch_one_batch
    self._dispatch(tasks)
  File "/usr/local/lib/python2.7/site-packages/sklearn/externals/joblib/parallel.py", line 571, in _dispatch
    job = self._backend.apply_async(batch, callback=cb)
  File "/usr/local/lib/python2.7/site-packages/sklearn/externals/joblib/_parallel_backends.py", line 109, in apply_async
    result = ImmediateResult(func)
  File "/usr/local/lib/python2.7/site-packages/sklearn/externals/joblib/_parallel_backends.py", line 326, in __init__
    self.results = batch()
  File "/usr/local/lib/python2.7/site-packages/sklearn/externals/joblib/parallel.py", line 131, in __call__
    return [func(*args, **kwargs) for func, args, kwargs in self.items]
  File "/usr/local/lib/python2.7/site-packages/sklearn/ensemble/forest.py", line 120, in _parallel_build_trees
    tree.fit(X, y, sample_weight=curr_sample_weight, check_input=False)
  File "/usr/local/lib/python2.7/site-packages/sklearn/tree/tree.py", line 1021, in fit
    X_idx_sorted=X_idx_sorted)
  File "/usr/local/lib/python2.7/site-packages/sklearn/tree/tree.py", line 343, in fit
    builder.build(self.tree_, X, y, sample_weight, X_idx_sorted)
KeyboardInterrupt
vie #15242, Mifune (2000)
average rating: 3.19 in 1411 reviews  |  regressing on 1000 features
MSE: 0.68 		 r2: 0.50 		 time: 133.61 ... (0.71 + 132.91)

Movie #15243, High Heels and Low Lifes (2001)
average rating: 2.99 in 1957 reviews  |  regressing on 1000 features
MSE: 0.57 		 r2: 0.43 		 time: 146.39 ... (0.78 + 145.61)

Movie #15244, My Stepmother is an Alien (1988)
average rating: 2.74 in 4714 reviews  |  regressing on 1000 features
MSE: 0.65 		 r2: 0.40 		 time: 115.85 ... (0.98 + 114.87)

Movie #15245, Hetty Wainthropp Investigates: Series 1 (1996)
average rating: 3.72 in 455 reviews  |  regressing on 455 features
MSE: 0.87 		 r2: 0.28 		 time: 57.97 ... (0.68 + 57.29)

Movie #15246, Alien 3: Collector's Edition (1992)
average rating: 3.53 in 14336 reviews  |  regressing on 1000 features
