linear_regression.py:94: RuntimeWarning: invalid value encountered in divide
  review_nums.append((i, num_reviews, np.sum(non_zero_users_csc[:,i]) / num_reviews))
shape of of titles: (17770, 3)
shape of of genres: (17770, 28)
shape of of ratings: (17771, 2649430)

ratings shape before removing users with no reviews: (2649430, 17771)
ratings shape after removing users with no reviews: (480189, 17771)
finished in 9.78 seconds

#revs	avg.	movie
681	4.5389	Fruits Basket (2001)
17292	4.5426	The Simpsons: Season 5 (1993)
92470	4.5437	Star Wars: Episode V: The Empire Strikes Back (1980)
134284	4.5451	Lord of the Rings: The Return of the King (2003)
125	4.5520	Lord of the Rings: The Return of the King: Extended Edition: Bonus Material (2003)
1883	4.5544	Inu-Yasha (2000)
8426	4.5813	The Simpsons: Season 6 (1994)
6621	4.5824	Arrested Development: Season 2 (2004)
220	4.5864	Ghost in the Shell: Stand Alone Complex: 2nd Gig (2005)
1238	4.5921	Veronica Mars: Season 1 (2004)
139660	4.5934	The Shawshank Redemption: Special Edition (1994)
89	4.5955	Tenchi Muyo! Ryo Ohki (1995)
25	4.6000	Trailer Park Boys: Season 4 (2003)
75	4.6000	Trailer Park Boys: Season 3 (2003)
1633	4.6050	Fullmetal Alchemist (2004)
1747	4.6388	Battlestar Galactica: Season 1 (2004)
7249	4.6710	Lost: Season 1 (2004)
74912	4.7026	Lord of the Rings: The Two Towers: Extended Edition (2002)
73422	4.7166	The Lord of the Rings: The Fellowship of the Ring: Extended Edition (2001)
73335	4.7233	Lord of the Rings: The Return of the King: Extended Edition (2003)

Movie #17770, Alien Hunter (2003)
average rating: 3.36 in 340 reviews  |  regressing on 340 features
MSE: 0.00 		 r2: 1.00 		 time: 4.14 ... (0.75 + 3.38)

Movie #17730, The Blob (1958)
average rating: 3.29 in 4914 reviews  |  regressing on 1000 features
MSE: 0.60 		 r2: 0.34 		 time: 51.16 ... (1.25 + 49.91)

Movie #17731, Death Mask (1998)
average rating: 1.61 in 70 reviews  |  regressing on 70 features
MSE: 0.45 		 r2: -0.15 		 time: 2.42 ... (0.78 + 1.65)

Movie #17732, Open City (1945)
average rating: 3.92 in 996 reviews  |  regressing on 996 features
MSE: 0.71 		 r2: 0.10 		 time: 45.28 ... (1.43 + 43.85)

Movie #17733, 13th Child: Legend of the Jersey Devil (2002)
average rating: 1.93 in 257 reviews  |  regressing on 257 features
MSE: 1.04 		 r2: 0.14 		 time: 7.86 ... (1.08 + 6.79)

Movie #17734, Shanghai Ghetto (2002)
average rating: 3.40 in 149 reviews  |  regressing on 149 features
MSE: 0.75 		 r2: 0.23 		 time: 3.44 ... (0.78 + 2.66)

Movie #17735, Type O Negative: After Dark (1998)
average rating: 3.53 in 99 reviews  |  regressing on 99 features
MSE: 1.34 		 r2: 0.23 		 time: 2.38 ... (0.70 + 1.68)

Movie #17736, Reptilian (1999)
average rating: 2.23 in 207 reviews  |  regressing on 207 features
MSE: 0.82 		 r2: 0.36 		 time: 6.71 ... (0.60 + 6.11)

Movie #17737, Frank Zappa: Does Humor Belong in Music? (1985)
average rating: 3.66 in 286 reviews  |  regressing on 286 features
MSE: 1.38 		 r2: 0.19 		 time: 7.58 ... (0.71 + 6.87)

Movie #17738, Henry Rollins: Live at Luna Park (2004)
average rating: 3.74 in 676 reviews  |  regressing on 676 features
MSE: 1.40 		 r2: 0.17 		 time: 31.55 ... (1.10 + 30.45)

Movie #17739, Dracula / The Strange Case of Dr. Jekyll and Mr. Hyde (1968)
average rating: 2.90 in 186 reviews  |  regressing on 186 features
MSE: 0.70 		 r2: 0.27 		 time: 7.57 ... (2.91 + 4.66)

Movie #17710, Going Down (2003)
average rating: 2.07 in 150 reviews  |  regressing on 150 features
MSE: 1.08 		 r2: 0.04 		 time: 3.80 ... (0.68 + 3.11)

Movie #17711, The Diary of Ellen Rimbauer (2003)
average rating: 3.17 in 2063 reviews  |  regressing on 1000 features
MSE: 0.68 		 r2: 0.46 		 time: 38.51 ... (0.98 + 37.52)

Movie #17712, The Doobie Brothers: Live at Wolf Trap (2004)
average rating: 3.64 in 100 reviews  |  regressing on 100 features
MSE: 1.59 		 r2: 0.32 		 time: 2.39 ... (0.83 + 1.56)

Movie #17713, WWE: Summerslam 2004 (2004)
average rating: 3.78 in 414 reviews  |  regressing on 414 features
MSE: 0.80 		 r2: 0.48 		 time: 9.98 ... (0.60 + 9.38)

Movie #17714, The Little Mermaid (1989)
average rating: 3.81 in 6986 reviews  |  regressing on 1000 features
MSE: 1.24 		 r2: 0.15 		 time: 28.94 ... (1.00 + 27.94)

Movie #17715, The Adventures of Ma and Pa Kettle: Vol. 1 (1947)
average rating: 3.71 in 1049 reviews  |  regressing on 1000 features
MSE: 0.51 		 r2: 0.63 		 time: 50.29 ... (1.05 + 49.24)

Movie #17716, Some Folks Call it a Sling Blade (1993)
average rating: 3.70 in 3360 reviews  |  regressing on 1000 features
MSE: 0.65 		 r2: 0.42 		 time: 46.48 ... (2.36 + 44.12)

Movie #17717, Sol Bianca: The Legacy: Vol. 3: Going Home (1991)
average rating: 3.35 in 247 reviews  |  regressing on 247 features
MSE: 0.68 		 r2: 0.49 		 time: 6.14 ... (1.36 + 4.78)

Movie #17718, The Delta (1996)
average rating: 2.11 in 120 reviews  |  regressing on 120 features
MSE: 1.12 		 r2: 0.12 		 time: 3.15 ... (0.66 + 2.49)

Movie #17719, The Europeans (1979)
average rating: 2.63 in 190 reviews  |  regressing on 190 features
MSE: 1.30 		 r2: 0.10 		 time: 4.80 ... (0.69 + 4.11)

Movie #17720, Pirates of the Plain (1999)
average rating: 2.69 in 91 reviews  |  regressing on 91 features
MSE: 1.23 		 r2: 0.11 		 time: 2.29 ... (0.61 + 1.68)

Movie #17721, The Love Letter (1998)
average rating: 3.25 in 458 reviews  |  regressing on 458 features
MSE: 1.11 		 r2: 0.16 		 time: 13.25 ... (0.58 + 12.68)

Movie #17722, Faerie Tale Theatre: The Little Mermaid (1984)
average rating: 3.11 in 121 reviews  |  regressing on 121 features
MSE: 1.28 		 r2: 0.11 		 time: 3.75 ... (1.02 + 2.73)

Movie #17723, Redemption (2004)
average rating: 3.65 in 3776 reviews  |  regressing on 1000 features
MSE: 0.77 		 r2: 0.24 		 time: 39.01 ... (0.87 + 38.14)

Movie #17724, Gettysburg (1993)
average rating: 3.87 in 8516 reviews  |  regressing on 1000 features
MSE: 0.83 		 r2: 0.09 		 time: 43.80 ... (1.35 + 42.44)

Movie #17725, Jerry Seinfeld: I'm Telling You for the Last Time (1999)
average rating: 3.60 in 5813 reviews  |  regressing on 1000 features
MSE: 0.91 		 r2: 0.11 		 time: 40.42 ... (0.96 + 39.46)

Movie #17726, Cats (1998)
average rating: 3.23 in 920 reviews  |  regressing on 920 features
MSE: 1.51 		 r2: 0.19 		 time: 37.24 ... (0.84 + 36.39)

Movie #17727, Elizabeth Taylor: The Last Time I Saw Paris/Father's Little Dividend (1954)
average rating: 3.27 in 322 reviews  |  regressing on 322 features
MSE: 0.74 		 r2: 0.32 		 time: 11.39 ... (1.83 + 9.56)

Movie #17728, Me & Isaac Newton (2000)
average rating: 2.99 in 238 reviews  |  regressing on 238 features
MSE: 1.29 		 r2: -0.01 		 time: 5.65 ... (0.72 + 4.94)

Movie #17729, Icebreaker (1999)
average rating: 2.31 in 135 reviews  |  regressing on 135 features
MSE: 1.28 		 r2: -0.09 		 time: 3.83 ... (0.81 + 3.03)

Movie #17750, The Hee Haw Collection: Vol. 4 (2005)
average rating: 2.86 in 88 reviews  |  regressing on 88 features
MSE: 1.53 		 r2: 0.42 		 time: 2.39 ... (0.67 + 1.72)

Movie #17751, Highlander: Season 2 (1993)
average rating: 3.94 in 2475 reviews  |  regressing on 1000 features
MSE: 0.42 		 r2: 0.69 		 time: 38.30 ... (1.97 + 36.33)

Movie #17752, Out of Order (2003)
average rating: 2.99 in 709 reviews  |  regressing on 709 features
MSE: 1.08 		 r2: 0.08 		 time: 31.83 ... (1.19 + 30.64)

Movie #17753, Maslin Beach (1997)
average rating: 2.47 in 167 reviews  |  regressing on 167 features
MSE: 1.50 		 r2: -0.06 		 time: 4.85 ... (0.82 + 4.04)

Movie #17754, On the Ropes (1999)
average rating: 3.24 in 392 reviews  |  regressing on 392 features
MSE: 1.27 		 r2: 0.29 		 time: 13.84 ... (0.96 + 12.88)

Movie #17755, L/R: Licensed by Royalty (2003)
average rating: 3.17 in 139 reviews  |  regressing on 139 features
MSE: 1.05 		 r2: 0.32 		 time: 3.31 ... (0.74 + 2.57)

Movie #17756, The 39 Steps (1935)
average rating: 3.77 in 8735 reviews  |  regressing on 1000 features
MSE: 0.62 		 r2: 0.26 		 time: 38.40 ... (1.41 + 36.99)

Movie #17757, Ulysses S. Grant: Warrior / President: American Experience (2002)
average rating: 3.80 in 520 reviews  |  regressing on 520 features
MSE: 0.88 		 r2: 0.10 		 time: 21.93 ... (1.18 + 20.75)

Movie #17758, Prophecy (1979)
average rating: 2.92 in 3374 reviews  |  regressing on 1000 features
MSE: 0.87 		 r2: 0.32 		 time: 40.04 ... (1.36 + 38.68)

Movie #17759, The Big Bird Cage (1972)
average rating: 2.69 in 298 reviews  |  regressing on 298 features
MSE: 1.21 		 r2: 0.20 		 time: 10.13 ... (1.80 + 8.33)

Movie #17740, Shoot the Piano Player (1960)
average rating: 3.62 in 1826 reviews  |  regressing on 1000 features
MSE: 0.45 		 r2: 0.56 		 time: 28.20 ... (0.95 + 27.26)

Movie #17741, Ginger Snaps 2: Unleashed (2004)
average rating: 3.29 in 2524 reviews  |  regressing on 1000 features
MSE: 0.67 		 r2: 0.43 		 time: 41.36 ... (1.15 + 40.21)

Movie #17742, Catherine the Great (1995)
average rating: 2.81 in 799 reviews  |  regressing on 799 features
MSE: 0.85 		 r2: 0.01 		 time: 38.33 ... (0.86 + 37.48)

Movie #17743, Better Luck Tomorrow (2003)
average rating: 3.10 in 6451 reviews  |  regressing on 1000 features
MSE: 0.84 		 r2: 0.20 		 time: 41.28 ... (1.60 + 39.68)

Movie #17744, NASCAR: Tony Stewart Smoke (2004)
average rating: 3.51 in 215 reviews  |  regressing on 215 features
MSE: 1.78 		 r2: 0.20 		 time: 4.87 ... (0.92 + 3.94)

Movie #17745, Russell Simmons Presents Def Poetry: Season 1 (2002)
average rating: 3.84 in 613 reviews  |  regressing on 613 features
MSE: 1.02 		 r2: 0.34 		 time: 20.94 ... (0.63 + 20.31)

Movie #17746, Godzilla & Mothra: Battle for Earth / Vs. King Ghidora (1991)
average rating: 3.33 in 974 reviews  |  regressing on 974 features
MSE: 0.71 		 r2: 0.41 		 time: 44.10 ... (1.18 + 42.92)

Movie #17747, Eric Clapton: 24 Nights (1991)
average rating: 3.53 in 877 reviews  |  regressing on 877 features
MSE: 0.92 		 r2: 0.38 		 time: 28.98 ... (0.97 + 28.01)

Movie #17748, Dog the Bounty Hunter: The Best of Season 1 (2005)
average rating: 3.81 in 455 reviews  |  regressing on 455 features
MSE: 1.24 		 r2: 0.30 		 time: 12.23 ... (0.84 + 11.39)

Movie #17749, No End (1985)
average rating: 3.50 in 181 reviews  |  regressing on 181 features
MSE: 1.00 		 r2: -0.02 		 time: 4.13 ... (0.81 + 3.32)

Movie #17760, Lightning Bug (2004)
average rating: 2.81 in 443 reviews  |  regressing on 443 features
MSE: 1.02 		 r2: -0.04 		 time: 17.57 ... (0.91 + 16.66)

Movie #17761, Levity (2003)
average rating: 2.92 in 4311 reviews  |  regressing on 1000 features
MSE: 0.67 		 r2: 0.17 		 time: 38.20 ... (1.32 + 36.88)

Movie #17762, Gattaca (1997)
average rating: 3.65 in 32110 reviews  |  regressing on 1000 features
MSE: 0.89 		 r2: 0.09 		 time: 38.36 ... (1.33 + 37.03)

Movie #17763, Interiors (1978)
average rating: 3.41 in 1957 reviews  |  regressing on 1000 features
MSE: 0.67 		 r2: 0.44 		 time: 36.95 ... (2.35 + 34.60)

Movie #17764, Shakespeare in Love (1998)
average rating: 3.87 in 64957 reviews  |  regressing on 1000 features
MSE: 0.88 		 r2: 0.13 		 time: 38.53 ... (1.60 + 36.93)

Movie #17765, Godzilla's Revenge (1969)
average rating: 2.70 in 313 reviews  |  regressing on 313 features
MSE: 0.73 		 r2: 0.37 		 time: 9.62 ... (0.77 + 8.85)

Movie #17766, Where the Wild Things Are and Other Maurice Sendak Stories (2002)
average rating: 3.19 in 605 reviews  |  regressing on 605 features
MSE: 1.16 		 r2: 0.06 		 time: 27.68 ... (1.10 + 26.58)

Movie #17767, Fidel Castro: American Experience (2004)
average rating: 3.67 in 204 reviews  |  regressing on 204 features
MSE: 0.67 		 r2: 0.03 		 time: 4.65 ... (0.81 + 3.84)

Movie #17768, Epoch (2000)
average rating: 2.84 in 1362 reviews  |  regressing on 1000 features
MSE: 0.38 		 r2: 0.62 		 time: 36.59 ... (1.15 + 35.45)

Movie #17769, The Company (2003)
average rating: 2.50 in 6749 reviews  |  regressing on 1000 features
MSE: 0.85 		 r2: 0.16 		 time: 32.66 ... (1.33 + 31.34)

Movie #17700, Mysteries of the Deep: Legendary Shipwrecks: Secrets of the Titanic (1986)
average rating: 3.36 in 340 reviews  |  regressing on 340 features
MSE: 0.00 		 r2: 1.00 		 time: 4.61 ... (0.81 + 3.81)

Movie #17701, Fellini Satyricon (1969)
average rating: 3.11 in 2104 reviews  |  regressing on 1000 features
MSE: 0.76 		 r2: 0.47 		 time: 37.98 ... (1.41 + 36.57)

Movie #17702, Comic Book: The Movie (2004)
average rating: 2.41 in 1148 reviews  |  regressing on 1000 features
MSE: 0.58 		 r2: 0.53 		 time: 44.08 ... (1.24 + 42.84)

Movie #17703, Hulk (2003)
average rating: 2.79 in 32676 reviews  |  regressing on 1000 features
MSE: 0.98 		 r2: 0.21 		 time: 37.39 ... (1.52 + 35.88)

Movie #17704, Taboo (1999)
average rating: 2.90 in 1199 reviews  |  regressing on 1000 features
MSE: 0.54 		 r2: 0.54 		 time: 52.52 ... (1.05 + 51.47)

Movie #17705, Evil Alien Conquerors (2002)
average rating: 2.27 in 112 reviews  |  regressing on 112 features
MSE: 1.11 		 r2: -0.07 		 time: 3.73 ... (1.48 + 2.26)

Movie #17706, Najica Blitz Tactics (2001)
average rating: 3.41 in 412 reviews  |  regressing on 412 features
MSE: 1.30 		 r2: 0.16 		 time: 12.20 ... (1.02 + 11.18)

Movie #17707, Latter Days (2004)
average rating: 3.90 in 7605 reviews  |  regressing on 1000 features
MSE: 1.24 		 r2: 0.14 		 time: 34.36 ... (1.24 + 33.12)

Movie #17708, Trembling Before G-d (2001)
average rating: 3.17 in 1297 reviews  |  regressing on 1000 features
MSE: 0.56 		 r2: 0.57 		 time: 43.72 ... (1.77 + 41.95)

Movie #17709, A River Runs Through It (1992)
average rating: 3.86 in 42942 reviews  |  regressing on 1000 features
MSE: 0.71 		 r2: 0.23 		 time: 26.41 ... (1.43 + 24.98)

finished all regs in 297.9009
r2
1.000	Mysteries of the Deep: Legendary Shipwrecks: Secrets of the Titanic (1986)
1.000	Alien Hunter (2003)
0.690	Highlander: Season 2 (1993)
0.632	The Adventures of Ma and Pa Kettle: Vol. 1 (1947)
0.623	Epoch (2000)
0.566	Trembling Before G-d (2001)
0.560	Shoot the Piano Player (1960)
0.540	Taboo (1999)
0.527	Comic Book: The Movie (2004)
0.492	Sol Bianca: The Legacy: Vol. 3: Going Home (1991)

average r2 value: 0.26

MSE
0.000	Mysteries of the Deep: Legendary Shipwrecks: Secrets of the Titanic (1986)
0.000	Alien Hunter (2003)
0.375	Epoch (2000)
0.415	Highlander: Season 2 (1993)
0.447	Shoot the Piano Player (1960)
0.448	Death Mask (1998)
0.511	The Adventures of Ma and Pa Kettle: Vol. 1 (1947)
0.537	Taboo (1999)
0.558	Trembling Before G-d (2001)
0.583	Comic Book: The Movie (2004)

average MSE value: 0.92
